<?xml version="1.0" encoding="UTF-8"?>
<robot generator="Robot 5.0 (Python 3.9.7 on darwin)" generated="20220514 13:11:11.958" rpa="false" schemaversion="3">
<suite id="s1" name="Suites" source="/Users/rizkafebrila/Workspace/youtubemusic/Suites">
<suite id="s1-s1" name="LoginScenarioTest" source="/Users/rizkafebrila/Workspace/youtubemusic/Suites/LoginScenarioTest.robot">
<kw name="Open Browser With Specific URL" library="resource" type="SETUP">
<arg>${YOUTUBEMUSICURL}</arg>
<kw name="Open Browser" library="SeleniumLibrary">
<arg>url=${URL}</arg>
<arg>browser=${CHROME}</arg>
<arg>alias=${BROWSERALIAS}</arg>
<doc>Opens a new browser instance to the optional ``url``.</doc>
<msg timestamp="20220514 13:11:12.370" level="INFO">Opening browser 'Chrome' to base url 'https://music.youtube.com/'.</msg>
<status status="PASS" starttime="20220514 13:11:12.369" endtime="20220514 13:11:18.534"/>
</kw>
<kw name="Set Selenium Speed" library="SeleniumLibrary">
<arg>0.5</arg>
<doc>Sets the delay that is waited after each Selenium command.</doc>
<status status="PASS" starttime="20220514 13:11:18.535" endtime="20220514 13:11:18.536"/>
</kw>
<status status="PASS" starttime="20220514 13:11:12.368" endtime="20220514 13:11:18.536"/>
</kw>
<test id="s1-s1-t1" name="Able To Login On Web music.youtube.com Use Google Account" line="7">
<kw name="Open Browser With Specific URL" library="resource">
<arg>${YOUTUBEMUSICURL}</arg>
<kw name="Open Browser" library="SeleniumLibrary">
<arg>url=${URL}</arg>
<arg>browser=${CHROME}</arg>
<arg>alias=${BROWSERALIAS}</arg>
<doc>Opens a new browser instance to the optional ``url``.</doc>
<msg timestamp="20220514 13:11:18.540" level="INFO">Using existing browser from index 1.</msg>
<msg timestamp="20220514 13:11:18.540" level="INFO">Opening url 'https://music.youtube.com/'</msg>
<status status="PASS" starttime="20220514 13:11:18.539" endtime="20220514 13:11:21.786"/>
</kw>
<kw name="Set Selenium Speed" library="SeleniumLibrary">
<arg>0.5</arg>
<doc>Sets the delay that is waited after each Selenium command.</doc>
<status status="PASS" starttime="20220514 13:11:21.786" endtime="20220514 13:11:21.786"/>
</kw>
<status status="PASS" starttime="20220514 13:11:18.538" endtime="20220514 13:11:21.787"/>
</kw>
<kw name="Login With Eligible User" library="login_logic">
<kw name="Go To Sign In Page" library="login_logic">
<kw name="Run Keyword And Return Status" library="BuiltIn">
<var>${AbleToClick}</var>
<arg>Click Sign In Button</arg>
<doc>Runs the given keyword with given arguments and returns the status as a Boolean value.</doc>
<kw name="Click Sign In Button" library="login_page">
<kw name="Click Link" library="SeleniumLibrary">
<arg>${singin_button_selector}</arg>
<doc>Clicks a link identified by ``locator``.</doc>
<msg timestamp="20220514 13:11:21.790" level="INFO">Clicking link 'xpath=//*[@class="sign-in-link style-scope ytmusic-nav-bar"]'.</msg>
<status status="PASS" starttime="20220514 13:11:21.790" endtime="20220514 13:11:24.754"/>
</kw>
<status status="PASS" starttime="20220514 13:11:21.789" endtime="20220514 13:11:24.754"/>
</kw>
<msg timestamp="20220514 13:11:24.754" level="INFO">${AbleToClick} = True</msg>
<status status="PASS" starttime="20220514 13:11:21.788" endtime="20220514 13:11:24.754"/>
</kw>
<kw name="Run Keyword If" library="BuiltIn">
<arg>not ${AbleToClick}</arg>
<arg>Run Keyword and Ignore Error</arg>
<arg>Handle Alert</arg>
<arg>timeout=${DEFAULT_TIMEOUT}</arg>
<doc>Runs the given keyword with the given arguments, if ``condition`` is true.</doc>
<status status="PASS" starttime="20220514 13:11:24.754" endtime="20220514 13:11:24.755"/>
</kw>
<kw name="Verify on Sign In Page" library="login_page">
<kw name="Wait Until Element Is Visible" library="SeleniumLibrary">
<arg>${loginpage_text_selector}</arg>
<arg>timeout=${FAST_TIMEOUT}</arg>
<doc>Waits until the element ``locator`` is visible.</doc>
<status status="PASS" starttime="20220514 13:11:24.755" endtime="20220514 13:11:25.793"/>
</kw>
<status status="PASS" starttime="20220514 13:11:24.755" endtime="20220514 13:11:25.793"/>
</kw>
<status status="PASS" starttime="20220514 13:11:21.788" endtime="20220514 13:11:25.793"/>
</kw>
<kw name="Insert Email And Password Value" library="login_logic">
<arg>${EMAIL}</arg>
<arg>${PASSWORD}</arg>
<kw name="Run Keyword And Return Status" library="BuiltIn">
<var>${status}</var>
<arg>Insert Email User</arg>
<arg>${EMAIL}</arg>
<doc>Runs the given keyword with given arguments and returns the status as a Boolean value.</doc>
<kw name="Insert Email User" library="login_page">
<arg>${EMAIL}</arg>
<kw name="Sleep" library="BuiltIn">
<arg>${SLEEP_FOR_2_SECOND}</arg>
<doc>Pauses the test executed for the given time.</doc>
<msg timestamp="20220514 13:11:27.798" level="INFO">Slept 2 seconds</msg>
<status status="PASS" starttime="20220514 13:11:25.795" endtime="20220514 13:11:27.798"/>
</kw>
<kw name="Wait Until Page Contains Element" library="SeleniumLibrary">
<arg>${input_email_selector}</arg>
<arg>timeout=${MEDIUM_TIMEOUT}</arg>
<doc>Waits until the element ``locator`` appears on the current page.</doc>
<status status="PASS" starttime="20220514 13:11:27.798" endtime="20220514 13:11:28.314"/>
</kw>
<kw name="Wait Until Element Is Visible" library="SeleniumLibrary">
<arg>${input_email_selector}</arg>
<arg>timeout=${MEDIUM_TIMEOUT}</arg>
<doc>Waits until the element ``locator`` is visible.</doc>
<status status="PASS" starttime="20220514 13:11:28.314" endtime="20220514 13:11:29.338"/>
</kw>
<kw name="Input Text" library="SeleniumLibrary">
<arg>${input_email_selector}</arg>
<arg>${EMAIL}</arg>
<doc>Types the given ``text`` into the text field identified by ``locator``.</doc>
<msg timestamp="20220514 13:11:29.339" level="INFO">Typing text 'chromosom111@gmail.com' into text field 'xpath=//input[@type="email"]'.</msg>
<status status="PASS" starttime="20220514 13:11:29.338" endtime="20220514 13:11:31.041"/>
</kw>
<status status="PASS" starttime="20220514 13:11:25.794" endtime="20220514 13:11:31.041"/>
</kw>
<msg timestamp="20220514 13:11:31.041" level="INFO">${status} = True</msg>
<status status="PASS" starttime="20220514 13:11:25.794" endtime="20220514 13:11:31.041"/>
</kw>
<kw name="Run Keyword If" library="BuiltIn">
<arg>not ${status}</arg>
<arg>Run Keywords</arg>
<arg>Activated Email Input</arg>
<arg>Insert Email User</arg>
<arg>${EMAIL}</arg>
<doc>Runs the given keyword with the given arguments, if ``condition`` is true.</doc>
<status status="PASS" starttime="20220514 13:11:31.041" endtime="20220514 13:11:31.042"/>
</kw>
<kw name="Click Next Button" library="login_page">
<kw name="Click Element" library="SeleniumLibrary">
<arg>${nextbutton_onLogin_page}</arg>
<doc>Click the element identified by ``locator``.</doc>
<msg timestamp="20220514 13:11:31.043" level="INFO">Clicking element 'xpath=//span[text()="Next"]'.</msg>
<status status="PASS" starttime="20220514 13:11:31.042" endtime="20220514 13:11:32.112"/>
</kw>
<status status="PASS" starttime="20220514 13:11:31.042" endtime="20220514 13:11:32.112"/>
</kw>
<kw name="Insert Password User" library="login_page">
<arg>${PASSWORD}</arg>
<kw name="Sleep" library="BuiltIn">
<arg>${SLEEP_FOR_5_SECOND}</arg>
<doc>Pauses the test executed for the given time.</doc>
<msg timestamp="20220514 13:11:37.116" level="INFO">Slept 5 seconds</msg>
<status status="PASS" starttime="20220514 13:11:32.113" endtime="20220514 13:11:37.116"/>
</kw>
<kw name="Wait Until Page Contains Element" library="SeleniumLibrary">
<arg>${input_password_selector}</arg>
<arg>timeout=${MEDIUM_TIMEOUT}</arg>
<doc>Waits until the element ``locator`` appears on the current page.</doc>
<status status="PASS" starttime="20220514 13:11:37.116" endtime="20220514 13:11:37.631"/>
</kw>
<kw name="Wait Until Element Is Visible" library="SeleniumLibrary">
<arg>${input_password_selector}</arg>
<arg>timeout=${MEDIUM_TIMEOUT}</arg>
<doc>Waits until the element ``locator`` is visible.</doc>
<status status="PASS" starttime="20220514 13:11:37.631" endtime="20220514 13:11:38.651"/>
</kw>
<kw name="Sleep" library="BuiltIn">
<arg>${SLEEP_FOR_2_SECOND}</arg>
<doc>Pauses the test executed for the given time.</doc>
<msg timestamp="20220514 13:11:40.653" level="INFO">Slept 2 seconds</msg>
<status status="PASS" starttime="20220514 13:11:38.652" endtime="20220514 13:11:40.653"/>
</kw>
<kw name="Input Text" library="SeleniumLibrary">
<arg>${input_password_selector}</arg>
<arg>${PASSWORD}</arg>
<doc>Types the given ``text`` into the text field identified by ``locator``.</doc>
<msg timestamp="20220514 13:11:40.654" level="INFO">Typing text 'emaildummy123' into text field 'xpath=//input[@type="password"]'.</msg>
<status status="PASS" starttime="20220514 13:11:40.653" endtime="20220514 13:11:42.264"/>
</kw>
<status status="PASS" starttime="20220514 13:11:32.113" endtime="20220514 13:11:42.264"/>
</kw>
<status status="PASS" starttime="20220514 13:11:25.793" endtime="20220514 13:11:42.264"/>
</kw>
<kw name="Click Next Button" library="login_page">
<kw name="Click Element" library="SeleniumLibrary">
<arg>${nextbutton_onLogin_page}</arg>
<doc>Click the element identified by ``locator``.</doc>
<msg timestamp="20220514 13:11:42.265" level="INFO">Clicking element 'xpath=//span[text()="Next"]'.</msg>
<status status="PASS" starttime="20220514 13:11:42.265" endtime="20220514 13:11:43.329"/>
</kw>
<status status="PASS" starttime="20220514 13:11:42.265" endtime="20220514 13:11:43.329"/>
</kw>
<kw name="Verify Successfully Login" library="login_page">
<kw name="Element Should Not Be Visible" library="SeleniumLibrary">
<arg>${succeslogin_verificator_selectpr}</arg>
<arg>timeout=5</arg>
<doc>Verifies that the element identified by ``locator`` is NOT visible.</doc>
<msg timestamp="20220514 13:11:43.844" level="INFO">Element 'xpath=//*[@class="sign-in-link style-scope ytmusic-nav-bar"]' did not exist.</msg>
<status status="PASS" starttime="20220514 13:11:43.330" endtime="20220514 13:11:43.844"/>
</kw>
<kw name="Sleep" library="BuiltIn">
<arg>${SLEEP_FOR_5_SECOND}</arg>
<doc>Pauses the test executed for the given time.</doc>
<msg timestamp="20220514 13:11:48.846" level="INFO">Slept 5 seconds</msg>
<status status="PASS" starttime="20220514 13:11:43.845" endtime="20220514 13:11:48.846"/>
</kw>
<status status="PASS" starttime="20220514 13:11:43.329" endtime="20220514 13:11:48.846"/>
</kw>
<status status="PASS" starttime="20220514 13:11:21.787" endtime="20220514 13:11:48.846"/>
</kw>
<status status="PASS" starttime="20220514 13:11:18.536" endtime="20220514 13:11:48.847"/>
</test>
<kw name="Close All Browsers" library="SeleniumLibrary" type="TEARDOWN">
<doc>Closes all open browsers and resets the browser cache.</doc>
<status status="PASS" starttime="20220514 13:11:48.848" endtime="20220514 13:11:49.443"/>
</kw>
<status status="PASS" starttime="20220514 13:11:11.987" endtime="20220514 13:11:49.443"/>
</suite>
<suite id="s1-s2" name="PlayerScenarioTest" source="/Users/rizkafebrila/Workspace/youtubemusic/Suites/PlayerScenarioTest.robot">
<test id="s1-s2-t1" name="User Able Play Song On music.youtube.com Web Player" line="7">
<kw name="Open Browser With Specific URL" library="resource">
<arg>${ITEMTOPLAY[1]}</arg>
<kw name="Open Browser" library="SeleniumLibrary">
<arg>url=${URL}</arg>
<arg>browser=${CHROME}</arg>
<arg>alias=${BROWSERALIAS}</arg>
<doc>Opens a new browser instance to the optional ``url``.</doc>
<msg timestamp="20220514 13:11:49.458" level="INFO">Opening browser 'Chrome' to base url 'https://music.youtube.com/watch?v=WFjLiUYqIyc&amp;feature=share'.</msg>
<status status="PASS" starttime="20220514 13:11:49.457" endtime="20220514 13:11:55.077"/>
</kw>
<kw name="Set Selenium Speed" library="SeleniumLibrary">
<arg>0.5</arg>
<doc>Sets the delay that is waited after each Selenium command.</doc>
<status status="PASS" starttime="20220514 13:11:55.077" endtime="20220514 13:11:55.078"/>
</kw>
<status status="PASS" starttime="20220514 13:11:49.457" endtime="20220514 13:11:55.078"/>
</kw>
<kw name="Play From Bottom Left Player Controller" library="player_logic">
<kw name="Verify Bottom Left Player Controller Are Visible" library="player_page">
<kw name="Wait Until Element Is Visible" library="SeleniumLibrary">
<arg>${player_background}</arg>
<arg>timeout=${FAST_TIMEOUT}</arg>
<doc>Waits until the element ``locator`` is visible.</doc>
<status status="PASS" starttime="20220514 13:11:55.079" endtime="20220514 13:11:56.840"/>
</kw>
<kw name="Wait Until Element Is Visible" library="SeleniumLibrary">
<arg>id=left-controls</arg>
<arg>timeout=${FAST_TIMEOUT}</arg>
<doc>Waits until the element ``locator`` is visible.</doc>
<status status="PASS" starttime="20220514 13:11:56.840" endtime="20220514 13:11:57.886"/>
</kw>
<status status="PASS" starttime="20220514 13:11:55.079" endtime="20220514 13:11:57.886"/>
</kw>
<kw name="Verify Play Button Are Visbile" library="player_page">
<kw name="Wait Until Element Is Visible" library="SeleniumLibrary">
<arg>${play_pause_button}</arg>
<arg>timeout=${FAST_TIMEOUT}</arg>
<doc>Waits until the element ``locator`` is visible.</doc>
<status status="PASS" starttime="20220514 13:11:57.887" endtime="20220514 13:11:58.915"/>
</kw>
<status status="PASS" starttime="20220514 13:11:57.887" endtime="20220514 13:11:58.915"/>
</kw>
<kw name="Press Play Button From Bottom Left Player Controller" library="player_logic">
<kw name="Run Keyword And Return Status" library="BuiltIn">
<var>${PlayBtnVisible}</var>
<arg>Click Play Button</arg>
<doc>Runs the given keyword with given arguments and returns the status as a Boolean value.</doc>
<kw name="Click Play Button" library="player_page">
<kw name="Click Element" library="SeleniumLibrary">
<arg>${play_pause_button}</arg>
<doc>Click the element identified by ``locator``.</doc>
<msg timestamp="20220514 13:11:58.917" level="INFO">Clicking element 'id=play-pause-button'.</msg>
<status status="PASS" starttime="20220514 13:11:58.917" endtime="20220514 13:12:00.012"/>
</kw>
<status status="PASS" starttime="20220514 13:11:58.916" endtime="20220514 13:12:00.012"/>
</kw>
<msg timestamp="20220514 13:12:00.013" level="INFO">${PlayBtnVisible} = True</msg>
<status status="PASS" starttime="20220514 13:11:58.916" endtime="20220514 13:12:00.013"/>
</kw>
<kw name="Run Keyword If" library="BuiltIn">
<arg>not ${PlayBtnVisible}</arg>
<arg>Activate Play Button</arg>
<doc>Runs the given keyword with the given arguments, if ``condition`` is true.</doc>
<status status="PASS" starttime="20220514 13:12:00.013" endtime="20220514 13:12:00.013"/>
</kw>
<status status="PASS" starttime="20220514 13:11:58.915" endtime="20220514 13:12:00.013"/>
</kw>
<status status="PASS" starttime="20220514 13:11:55.079" endtime="20220514 13:12:00.014"/>
</kw>
<kw name="Make Sure Player Was Played" library="player_logic">
<kw name="Wait Player For A Seconds" library="player_logic">
<kw name="Sleep" library="BuiltIn">
<arg>${seconds}</arg>
<doc>Pauses the test executed for the given time.</doc>
<msg timestamp="20220514 13:12:05.019" level="INFO">Slept 5 seconds</msg>
<status status="PASS" starttime="20220514 13:12:00.015" endtime="20220514 13:12:05.019"/>
</kw>
<status status="PASS" starttime="20220514 13:12:00.014" endtime="20220514 13:12:05.020"/>
</kw>
<kw name="Run Keyword And Return Status" library="BuiltIn">
<var>${LeftCtrlVisbl}</var>
<arg>Verify Timer On Left Player Controller Are Visible</arg>
<doc>Runs the given keyword with given arguments and returns the status as a Boolean value.</doc>
<kw name="Verify Timer On Left Player Controller Are Visible" library="player_page">
<kw name="Wait Until Element Is Visible" library="SeleniumLibrary">
<arg>${left_controller_Player}</arg>
<arg>timeout=${MEDIUM_TIMEOUT}</arg>
<doc>Waits until the element ``locator`` is visible.</doc>
<status status="PASS" starttime="20220514 13:12:05.021" endtime="20220514 13:12:06.098"/>
</kw>
<status status="PASS" starttime="20220514 13:12:05.020" endtime="20220514 13:12:06.098"/>
</kw>
<msg timestamp="20220514 13:12:06.098" level="INFO">${LeftCtrlVisbl} = True</msg>
<status status="PASS" starttime="20220514 13:12:05.020" endtime="20220514 13:12:06.098"/>
</kw>
<kw name="Run Keyword If" library="BuiltIn">
<arg>not ${LeftCtrlVisbl}</arg>
<arg>Run Keywords</arg>
<arg>Handling Ads On Player</arg>
<arg>Verify Timer On Left Player Controller Are Visible</arg>
<arg>Player Timer Are Played</arg>
<doc>Runs the given keyword with the given arguments, if ``condition`` is true.</doc>
<status status="PASS" starttime="20220514 13:12:06.099" endtime="20220514 13:12:06.100"/>
</kw>
<kw name="Run Keyword If" library="BuiltIn">
<arg>${LeftCtrlVisbl}</arg>
<arg>Run Keywords</arg>
<arg>Verify Timer On Left Player Controller Are Visible</arg>
<arg>Player Timer Are Played</arg>
<doc>Runs the given keyword with the given arguments, if ``condition`` is true.</doc>
<kw name="Run Keywords" library="BuiltIn">
<arg>Verify Timer On Left Player Controller Are Visible</arg>
<arg>Player Timer Are Played</arg>
<doc>Executes all the given keywords in a sequence.</doc>
<kw name="Verify Timer On Left Player Controller Are Visible" library="player_page">
<kw name="Wait Until Element Is Visible" library="SeleniumLibrary">
<arg>${left_controller_Player}</arg>
<arg>timeout=${MEDIUM_TIMEOUT}</arg>
<doc>Waits until the element ``locator`` is visible.</doc>
<status status="PASS" starttime="20220514 13:12:06.101" endtime="20220514 13:12:07.128"/>
</kw>
<status status="PASS" starttime="20220514 13:12:06.101" endtime="20220514 13:12:07.128"/>
</kw>
<kw name="Player Timer Are Played" library="player_logic">
<kw name="Get Item Duration Details" library="player_logic">
<kw name="Get Timer Information" library="player_page">
<doc>example timer, 0:02 / 4:32</doc>
<kw name="Get Text" library="SeleniumLibrary">
<var>${timervalue}</var>
<arg>${left_controller_player_timer_line}</arg>
<doc>Returns the text value of the element identified by ``locator``.</doc>
<msg timestamp="20220514 13:12:08.150" level="INFO">${timervalue} = 0:02 / 4:32</msg>
<status status="PASS" starttime="20220514 13:12:07.130" endtime="20220514 13:12:08.150"/>
</kw>
<kw name="Set Suite Variable" library="BuiltIn">
<arg>${timervalue}</arg>
<arg>${timervalue}</arg>
<doc>Makes a variable available everywhere within the scope of the current suite.</doc>
<msg timestamp="20220514 13:12:08.151" level="INFO">${timervalue} = 0:02 / 4:32</msg>
<status status="PASS" starttime="20220514 13:12:08.151" endtime="20220514 13:12:08.151"/>
</kw>
<status status="PASS" starttime="20220514 13:12:07.129" endtime="20220514 13:12:08.152"/>
</kw>
<kw name="Get Song Total Duration" library="player_logic">
<kw name="Fetch From Right" library="String">
<var>${totalDuration}</var>
<arg>${timervalue}</arg>
<arg>${TIMER_SEPARATOR}</arg>
<doc>Returns contents of the ``string`` after the last occurrence of ``marker``.</doc>
<msg timestamp="20220514 13:12:08.153" level="INFO">${totalDuration} =  4:32</msg>
<status status="PASS" starttime="20220514 13:12:08.152" endtime="20220514 13:12:08.153"/>
</kw>
<kw name="Remove String" library="String">
<var>${totalDuration}</var>
<arg>${totalDuration}</arg>
<arg>${SPACE}</arg>
<doc>Removes all ``removables`` from the given ``string``.</doc>
<msg timestamp="20220514 13:12:08.153" level="INFO">${totalDuration} = 4:32</msg>
<status status="PASS" starttime="20220514 13:12:08.153" endtime="20220514 13:12:08.153"/>
</kw>
<kw name="Set Suite Variable" library="BuiltIn">
<arg>${totalDuration}</arg>
<doc>Makes a variable available everywhere within the scope of the current suite.</doc>
<msg timestamp="20220514 13:12:08.154" level="INFO">${totalDuration} = 4:32</msg>
<status status="PASS" starttime="20220514 13:12:08.153" endtime="20220514 13:12:08.154"/>
</kw>
<status status="PASS" starttime="20220514 13:12:08.152" endtime="20220514 13:12:08.154"/>
</kw>
<kw name="Get Song Current Duration" library="player_logic">
<kw name="Fetch From Left" library="String">
<var>${currentDuration}</var>
<arg>${timervalue}</arg>
<arg>${TIMER_SEPARATOR}</arg>
<doc>Returns contents of the ``string`` before the first occurrence of ``marker``.</doc>
<msg timestamp="20220514 13:12:08.155" level="INFO">${currentDuration} = 0:02 </msg>
<status status="PASS" starttime="20220514 13:12:08.155" endtime="20220514 13:12:08.155"/>
</kw>
<kw name="Remove String" library="String">
<var>${currentDuration}</var>
<arg>${currentDuration}</arg>
<arg>${SPACE}</arg>
<doc>Removes all ``removables`` from the given ``string``.</doc>
<msg timestamp="20220514 13:12:08.156" level="INFO">${currentDuration} = 0:02</msg>
<status status="PASS" starttime="20220514 13:12:08.155" endtime="20220514 13:12:08.156"/>
</kw>
<kw name="Set Suite Variable" library="BuiltIn">
<arg>${currentDuration}</arg>
<doc>Makes a variable available everywhere within the scope of the current suite.</doc>
<msg timestamp="20220514 13:12:08.156" level="INFO">${currentDuration} = 0:02</msg>
<status status="PASS" starttime="20220514 13:12:08.156" endtime="20220514 13:12:08.156"/>
</kw>
<status status="PASS" starttime="20220514 13:12:08.154" endtime="20220514 13:12:08.157"/>
</kw>
<status status="PASS" starttime="20220514 13:12:07.129" endtime="20220514 13:12:08.157"/>
</kw>
<kw name="Wait Player For A Seconds" library="player_logic">
<kw name="Sleep" library="BuiltIn">
<arg>${seconds}</arg>
<doc>Pauses the test executed for the given time.</doc>
<msg timestamp="20220514 13:12:13.160" level="INFO">Slept 5 seconds</msg>
<status status="PASS" starttime="20220514 13:12:08.157" endtime="20220514 13:12:13.160"/>
</kw>
<status status="PASS" starttime="20220514 13:12:08.157" endtime="20220514 13:12:13.160"/>
</kw>
<kw name="Should Not Be Equal" library="BuiltIn">
<arg>${currentDuration}</arg>
<arg>${ZERODURATION}</arg>
<doc>Fails if the given objects are equal.</doc>
<status status="PASS" starttime="20220514 13:12:13.161" endtime="20220514 13:12:13.161"/>
</kw>
<status status="PASS" starttime="20220514 13:12:07.129" endtime="20220514 13:12:13.161"/>
</kw>
<status status="PASS" starttime="20220514 13:12:06.100" endtime="20220514 13:12:13.161"/>
</kw>
<status status="PASS" starttime="20220514 13:12:06.100" endtime="20220514 13:12:13.161"/>
</kw>
<status status="PASS" starttime="20220514 13:12:00.014" endtime="20220514 13:12:13.162"/>
</kw>
<kw name="Close All Browsers" library="SeleniumLibrary" type="TEARDOWN">
<doc>Closes all open browsers and resets the browser cache.</doc>
<status status="PASS" starttime="20220514 13:12:13.162" endtime="20220514 13:12:13.747"/>
</kw>
<doc>Non logged and non subs logged user are able to play</doc>
<status status="PASS" starttime="20220514 13:11:49.455" endtime="20220514 13:12:13.748"/>
</test>
<test id="s1-s2-t2" name="User Able Pause Song On music.youtube.com Web Player" line="13">
<kw name="Open Browser With Specific URL" library="resource">
<arg>${ITEMTOPLAY[1]}</arg>
<kw name="Open Browser" library="SeleniumLibrary">
<arg>url=${URL}</arg>
<arg>browser=${CHROME}</arg>
<arg>alias=${BROWSERALIAS}</arg>
<doc>Opens a new browser instance to the optional ``url``.</doc>
<msg timestamp="20220514 13:12:13.750" level="INFO">Opening browser 'Chrome' to base url 'https://music.youtube.com/watch?v=WFjLiUYqIyc&amp;feature=share'.</msg>
<status status="PASS" starttime="20220514 13:12:13.750" endtime="20220514 13:12:19.186"/>
</kw>
<kw name="Set Selenium Speed" library="SeleniumLibrary">
<arg>0.5</arg>
<doc>Sets the delay that is waited after each Selenium command.</doc>
<status status="PASS" starttime="20220514 13:12:19.187" endtime="20220514 13:12:19.187"/>
</kw>
<status status="PASS" starttime="20220514 13:12:13.749" endtime="20220514 13:12:19.187"/>
</kw>
<kw name="Play From Bottom Left Player Controller" library="player_logic">
<kw name="Verify Bottom Left Player Controller Are Visible" library="player_page">
<kw name="Wait Until Element Is Visible" library="SeleniumLibrary">
<arg>${player_background}</arg>
<arg>timeout=${FAST_TIMEOUT}</arg>
<doc>Waits until the element ``locator`` is visible.</doc>
<status status="PASS" starttime="20220514 13:12:19.189" endtime="20220514 13:12:20.992"/>
</kw>
<kw name="Wait Until Element Is Visible" library="SeleniumLibrary">
<arg>id=left-controls</arg>
<arg>timeout=${FAST_TIMEOUT}</arg>
<doc>Waits until the element ``locator`` is visible.</doc>
<status status="PASS" starttime="20220514 13:12:20.992" endtime="20220514 13:12:22.031"/>
</kw>
<status status="PASS" starttime="20220514 13:12:19.188" endtime="20220514 13:12:22.032"/>
</kw>
<kw name="Verify Play Button Are Visbile" library="player_page">
<kw name="Wait Until Element Is Visible" library="SeleniumLibrary">
<arg>${play_pause_button}</arg>
<arg>timeout=${FAST_TIMEOUT}</arg>
<doc>Waits until the element ``locator`` is visible.</doc>
<status status="PASS" starttime="20220514 13:12:22.032" endtime="20220514 13:12:23.069"/>
</kw>
<status status="PASS" starttime="20220514 13:12:22.032" endtime="20220514 13:12:23.069"/>
</kw>
<kw name="Press Play Button From Bottom Left Player Controller" library="player_logic">
<kw name="Run Keyword And Return Status" library="BuiltIn">
<var>${PlayBtnVisible}</var>
<arg>Click Play Button</arg>
<doc>Runs the given keyword with given arguments and returns the status as a Boolean value.</doc>
<kw name="Click Play Button" library="player_page">
<kw name="Click Element" library="SeleniumLibrary">
<arg>${play_pause_button}</arg>
<doc>Click the element identified by ``locator``.</doc>
<msg timestamp="20220514 13:12:23.072" level="INFO">Clicking element 'id=play-pause-button'.</msg>
<status status="PASS" starttime="20220514 13:12:23.071" endtime="20220514 13:12:24.138"/>
</kw>
<status status="PASS" starttime="20220514 13:12:23.071" endtime="20220514 13:12:24.138"/>
</kw>
<msg timestamp="20220514 13:12:24.138" level="INFO">${PlayBtnVisible} = True</msg>
<status status="PASS" starttime="20220514 13:12:23.070" endtime="20220514 13:12:24.138"/>
</kw>
<kw name="Run Keyword If" library="BuiltIn">
<arg>not ${PlayBtnVisible}</arg>
<arg>Activate Play Button</arg>
<doc>Runs the given keyword with the given arguments, if ``condition`` is true.</doc>
<status status="PASS" starttime="20220514 13:12:24.139" endtime="20220514 13:12:24.139"/>
</kw>
<status status="PASS" starttime="20220514 13:12:23.070" endtime="20220514 13:12:24.139"/>
</kw>
<status status="PASS" starttime="20220514 13:12:19.188" endtime="20220514 13:12:24.139"/>
</kw>
<kw name="Pause From Bottom Left Player Controller" library="player_logic">
<kw name="Verify Bottom Left Player Controller Are Visible" library="player_page">
<kw name="Wait Until Element Is Visible" library="SeleniumLibrary">
<arg>${player_background}</arg>
<arg>timeout=${FAST_TIMEOUT}</arg>
<doc>Waits until the element ``locator`` is visible.</doc>
<status status="PASS" starttime="20220514 13:12:24.140" endtime="20220514 13:12:25.158"/>
</kw>
<kw name="Wait Until Element Is Visible" library="SeleniumLibrary">
<arg>id=left-controls</arg>
<arg>timeout=${FAST_TIMEOUT}</arg>
<doc>Waits until the element ``locator`` is visible.</doc>
<status status="PASS" starttime="20220514 13:12:25.158" endtime="20220514 13:12:26.181"/>
</kw>
<status status="PASS" starttime="20220514 13:12:24.140" endtime="20220514 13:12:26.182"/>
</kw>
<kw name="Verify Pause Button Are Visbile" library="player_page">
<kw name="Wait Until Element Is Visible" library="SeleniumLibrary">
<arg>${play_pause_button}</arg>
<arg>timeout=${FAST_TIMEOUT}</arg>
<doc>Waits until the element ``locator`` is visible.</doc>
<status status="PASS" starttime="20220514 13:12:26.183" endtime="20220514 13:12:27.222"/>
</kw>
<status status="PASS" starttime="20220514 13:12:26.182" endtime="20220514 13:12:27.222"/>
</kw>
<kw name="Press Pause Button From Bottom Left Player Controller" library="player_logic">
<kw name="Run Keyword And Return Status" library="BuiltIn">
<var>${PauseBtnVisible}</var>
<arg>Click Pause Button</arg>
<doc>Runs the given keyword with given arguments and returns the status as a Boolean value.</doc>
<kw name="Click Pause Button" library="player_page">
<kw name="Click Element" library="SeleniumLibrary">
<arg>${play_pause_button}</arg>
<doc>Click the element identified by ``locator``.</doc>
<msg timestamp="20220514 13:12:27.224" level="INFO">Clicking element 'id=play-pause-button'.</msg>
<status status="PASS" starttime="20220514 13:12:27.224" endtime="20220514 13:12:28.277"/>
</kw>
<status status="PASS" starttime="20220514 13:12:27.223" endtime="20220514 13:12:28.277"/>
</kw>
<msg timestamp="20220514 13:12:28.278" level="INFO">${PauseBtnVisible} = True</msg>
<status status="PASS" starttime="20220514 13:12:27.223" endtime="20220514 13:12:28.278"/>
</kw>
<kw name="Run Keyword If" library="BuiltIn">
<arg>not ${PauseBtnVisible}</arg>
<arg>Activate Pause Button</arg>
<doc>Runs the given keyword with the given arguments, if ``condition`` is true.</doc>
<status status="PASS" starttime="20220514 13:12:28.278" endtime="20220514 13:12:28.278"/>
</kw>
<status status="PASS" starttime="20220514 13:12:27.222" endtime="20220514 13:12:28.278"/>
</kw>
<status status="PASS" starttime="20220514 13:12:24.140" endtime="20220514 13:12:28.279"/>
</kw>
<kw name="Make Sure Player Was Paused" library="player_logic">
<kw name="Wait Player For A Seconds" library="player_logic">
<kw name="Sleep" library="BuiltIn">
<arg>${seconds}</arg>
<doc>Pauses the test executed for the given time.</doc>
<msg timestamp="20220514 13:12:33.280" level="INFO">Slept 5 seconds</msg>
<status status="PASS" starttime="20220514 13:12:28.280" endtime="20220514 13:12:33.280"/>
</kw>
<status status="PASS" starttime="20220514 13:12:28.279" endtime="20220514 13:12:33.281"/>
</kw>
<kw name="Run Keyword And Return Status" library="BuiltIn">
<var>${LeftCtrlVisbl}</var>
<arg>Verify Timer On Left Player Controller Are Visible</arg>
<doc>Runs the given keyword with given arguments and returns the status as a Boolean value.</doc>
<kw name="Verify Timer On Left Player Controller Are Visible" library="player_page">
<kw name="Wait Until Element Is Visible" library="SeleniumLibrary">
<arg>${left_controller_Player}</arg>
<arg>timeout=${MEDIUM_TIMEOUT}</arg>
<doc>Waits until the element ``locator`` is visible.</doc>
<status status="PASS" starttime="20220514 13:12:33.282" endtime="20220514 13:12:34.316"/>
</kw>
<status status="PASS" starttime="20220514 13:12:33.281" endtime="20220514 13:12:34.316"/>
</kw>
<msg timestamp="20220514 13:12:34.316" level="INFO">${LeftCtrlVisbl} = True</msg>
<status status="PASS" starttime="20220514 13:12:33.281" endtime="20220514 13:12:34.316"/>
</kw>
<kw name="Run Keyword If" library="BuiltIn">
<arg>not ${LeftCtrlVisbl}</arg>
<arg>Run Keywords</arg>
<arg>Handling Ads On Player</arg>
<arg>Verify Timer On Left Player Controller Are Visible</arg>
<arg>Player Timer Are Paused</arg>
<doc>Runs the given keyword with the given arguments, if ``condition`` is true.</doc>
<status status="PASS" starttime="20220514 13:12:34.317" endtime="20220514 13:12:34.317"/>
</kw>
<status status="PASS" starttime="20220514 13:12:28.279" endtime="20220514 13:12:34.317"/>
</kw>
<kw name="Close All Browsers" library="SeleniumLibrary" type="TEARDOWN">
<doc>Closes all open browsers and resets the browser cache.</doc>
<status status="PASS" starttime="20220514 13:12:34.318" endtime="20220514 13:12:34.910"/>
</kw>
<doc>Non logged and non subs user are able to play</doc>
<status status="PASS" starttime="20220514 13:12:13.748" endtime="20220514 13:12:34.911"/>
</test>
<test id="s1-s2-t3" name="Logged User Able To Play And Pause Song On music.youtube.com Web Player" line="20">
<kw name="Open Browser With Specific URL" library="resource">
<arg>${YOUTUBEMUSICURL}</arg>
<kw name="Open Browser" library="SeleniumLibrary">
<arg>url=${URL}</arg>
<arg>browser=${CHROME}</arg>
<arg>alias=${BROWSERALIAS}</arg>
<doc>Opens a new browser instance to the optional ``url``.</doc>
<msg timestamp="20220514 13:12:34.914" level="INFO">Opening browser 'Chrome' to base url 'https://music.youtube.com/'.</msg>
<status status="PASS" starttime="20220514 13:12:34.913" endtime="20220514 13:12:41.582"/>
</kw>
<kw name="Set Selenium Speed" library="SeleniumLibrary">
<arg>0.5</arg>
<doc>Sets the delay that is waited after each Selenium command.</doc>
<status status="PASS" starttime="20220514 13:12:41.582" endtime="20220514 13:12:41.583"/>
</kw>
<status status="PASS" starttime="20220514 13:12:34.912" endtime="20220514 13:12:41.583"/>
</kw>
<kw name="Login With Eligible User" library="login_logic">
<kw name="Go To Sign In Page" library="login_logic">
<kw name="Run Keyword And Return Status" library="BuiltIn">
<var>${AbleToClick}</var>
<arg>Click Sign In Button</arg>
<doc>Runs the given keyword with given arguments and returns the status as a Boolean value.</doc>
<kw name="Click Sign In Button" library="login_page">
<kw name="Click Link" library="SeleniumLibrary">
<arg>${singin_button_selector}</arg>
<doc>Clicks a link identified by ``locator``.</doc>
<msg timestamp="20220514 13:12:41.586" level="INFO">Clicking link 'xpath=//*[@class="sign-in-link style-scope ytmusic-nav-bar"]'.</msg>
<status status="PASS" starttime="20220514 13:12:41.586" endtime="20220514 13:12:44.551"/>
</kw>
<status status="PASS" starttime="20220514 13:12:41.585" endtime="20220514 13:12:44.552"/>
</kw>
<msg timestamp="20220514 13:12:44.552" level="INFO">${AbleToClick} = True</msg>
<status status="PASS" starttime="20220514 13:12:41.585" endtime="20220514 13:12:44.552"/>
</kw>
<kw name="Run Keyword If" library="BuiltIn">
<arg>not ${AbleToClick}</arg>
<arg>Run Keyword and Ignore Error</arg>
<arg>Handle Alert</arg>
<arg>timeout=${DEFAULT_TIMEOUT}</arg>
<doc>Runs the given keyword with the given arguments, if ``condition`` is true.</doc>
<status status="PASS" starttime="20220514 13:12:44.552" endtime="20220514 13:12:44.553"/>
</kw>
<kw name="Verify on Sign In Page" library="login_page">
<kw name="Wait Until Element Is Visible" library="SeleniumLibrary">
<arg>${loginpage_text_selector}</arg>
<arg>timeout=${FAST_TIMEOUT}</arg>
<doc>Waits until the element ``locator`` is visible.</doc>
<status status="PASS" starttime="20220514 13:12:44.553" endtime="20220514 13:12:45.604"/>
</kw>
<status status="PASS" starttime="20220514 13:12:44.553" endtime="20220514 13:12:45.605"/>
</kw>
<status status="PASS" starttime="20220514 13:12:41.584" endtime="20220514 13:12:45.605"/>
</kw>
<kw name="Insert Email And Password Value" library="login_logic">
<arg>${EMAIL}</arg>
<arg>${PASSWORD}</arg>
<kw name="Run Keyword And Return Status" library="BuiltIn">
<var>${status}</var>
<arg>Insert Email User</arg>
<arg>${EMAIL}</arg>
<doc>Runs the given keyword with given arguments and returns the status as a Boolean value.</doc>
<kw name="Insert Email User" library="login_page">
<arg>${EMAIL}</arg>
<kw name="Sleep" library="BuiltIn">
<arg>${SLEEP_FOR_2_SECOND}</arg>
<doc>Pauses the test executed for the given time.</doc>
<msg timestamp="20220514 13:12:47.608" level="INFO">Slept 2 seconds</msg>
<status status="PASS" starttime="20220514 13:12:45.607" endtime="20220514 13:12:47.608"/>
</kw>
<kw name="Wait Until Page Contains Element" library="SeleniumLibrary">
<arg>${input_email_selector}</arg>
<arg>timeout=${MEDIUM_TIMEOUT}</arg>
<doc>Waits until the element ``locator`` appears on the current page.</doc>
<status status="PASS" starttime="20220514 13:12:47.609" endtime="20220514 13:12:48.122"/>
</kw>
<kw name="Wait Until Element Is Visible" library="SeleniumLibrary">
<arg>${input_email_selector}</arg>
<arg>timeout=${MEDIUM_TIMEOUT}</arg>
<doc>Waits until the element ``locator`` is visible.</doc>
<status status="PASS" starttime="20220514 13:12:48.122" endtime="20220514 13:12:49.148"/>
</kw>
<kw name="Input Text" library="SeleniumLibrary">
<arg>${input_email_selector}</arg>
<arg>${EMAIL}</arg>
<doc>Types the given ``text`` into the text field identified by ``locator``.</doc>
<msg timestamp="20220514 13:12:49.149" level="INFO">Typing text 'chromosom111@gmail.com' into text field 'xpath=//input[@type="email"]'.</msg>
<status status="PASS" starttime="20220514 13:12:49.148" endtime="20220514 13:12:50.886"/>
</kw>
<status status="PASS" starttime="20220514 13:12:45.606" endtime="20220514 13:12:50.887"/>
</kw>
<msg timestamp="20220514 13:12:50.887" level="INFO">${status} = True</msg>
<status status="PASS" starttime="20220514 13:12:45.606" endtime="20220514 13:12:50.887"/>
</kw>
<kw name="Run Keyword If" library="BuiltIn">
<arg>not ${status}</arg>
<arg>Run Keywords</arg>
<arg>Activated Email Input</arg>
<arg>Insert Email User</arg>
<arg>${EMAIL}</arg>
<doc>Runs the given keyword with the given arguments, if ``condition`` is true.</doc>
<status status="PASS" starttime="20220514 13:12:50.887" endtime="20220514 13:12:50.887"/>
</kw>
<kw name="Click Next Button" library="login_page">
<kw name="Click Element" library="SeleniumLibrary">
<arg>${nextbutton_onLogin_page}</arg>
<doc>Click the element identified by ``locator``.</doc>
<msg timestamp="20220514 13:12:50.888" level="INFO">Clicking element 'xpath=//span[text()="Next"]'.</msg>
<status status="PASS" starttime="20220514 13:12:50.888" endtime="20220514 13:12:51.958"/>
</kw>
<status status="PASS" starttime="20220514 13:12:50.888" endtime="20220514 13:12:51.959"/>
</kw>
<kw name="Insert Password User" library="login_page">
<arg>${PASSWORD}</arg>
<kw name="Sleep" library="BuiltIn">
<arg>${SLEEP_FOR_5_SECOND}</arg>
<doc>Pauses the test executed for the given time.</doc>
<msg timestamp="20220514 13:12:56.960" level="INFO">Slept 5 seconds</msg>
<status status="PASS" starttime="20220514 13:12:51.959" endtime="20220514 13:12:56.960"/>
</kw>
<kw name="Wait Until Page Contains Element" library="SeleniumLibrary">
<arg>${input_password_selector}</arg>
<arg>timeout=${MEDIUM_TIMEOUT}</arg>
<doc>Waits until the element ``locator`` appears on the current page.</doc>
<status status="PASS" starttime="20220514 13:12:56.960" endtime="20220514 13:12:57.477"/>
</kw>
<kw name="Wait Until Element Is Visible" library="SeleniumLibrary">
<arg>${input_password_selector}</arg>
<arg>timeout=${MEDIUM_TIMEOUT}</arg>
<doc>Waits until the element ``locator`` is visible.</doc>
<status status="PASS" starttime="20220514 13:12:57.477" endtime="20220514 13:12:58.500"/>
</kw>
<kw name="Sleep" library="BuiltIn">
<arg>${SLEEP_FOR_2_SECOND}</arg>
<doc>Pauses the test executed for the given time.</doc>
<msg timestamp="20220514 13:13:00.502" level="INFO">Slept 2 seconds</msg>
<status status="PASS" starttime="20220514 13:12:58.500" endtime="20220514 13:13:00.502"/>
</kw>
<kw name="Input Text" library="SeleniumLibrary">
<arg>${input_password_selector}</arg>
<arg>${PASSWORD}</arg>
<doc>Types the given ``text`` into the text field identified by ``locator``.</doc>
<msg timestamp="20220514 13:13:00.503" level="INFO">Typing text 'emaildummy123' into text field 'xpath=//input[@type="password"]'.</msg>
<status status="PASS" starttime="20220514 13:13:00.502" endtime="20220514 13:13:02.114"/>
</kw>
<status status="PASS" starttime="20220514 13:12:51.959" endtime="20220514 13:13:02.114"/>
</kw>
<status status="PASS" starttime="20220514 13:12:45.605" endtime="20220514 13:13:02.114"/>
</kw>
<kw name="Click Next Button" library="login_page">
<kw name="Click Element" library="SeleniumLibrary">
<arg>${nextbutton_onLogin_page}</arg>
<doc>Click the element identified by ``locator``.</doc>
<msg timestamp="20220514 13:13:02.115" level="INFO">Clicking element 'xpath=//span[text()="Next"]'.</msg>
<status status="PASS" starttime="20220514 13:13:02.115" endtime="20220514 13:13:03.173"/>
</kw>
<status status="PASS" starttime="20220514 13:13:02.114" endtime="20220514 13:13:03.173"/>
</kw>
<kw name="Verify Successfully Login" library="login_page">
<kw name="Element Should Not Be Visible" library="SeleniumLibrary">
<arg>${succeslogin_verificator_selectpr}</arg>
<arg>timeout=5</arg>
<doc>Verifies that the element identified by ``locator`` is NOT visible.</doc>
<msg timestamp="20220514 13:13:03.685" level="INFO">Element 'xpath=//*[@class="sign-in-link style-scope ytmusic-nav-bar"]' did not exist.</msg>
<status status="PASS" starttime="20220514 13:13:03.174" endtime="20220514 13:13:03.685"/>
</kw>
<kw name="Sleep" library="BuiltIn">
<arg>${SLEEP_FOR_5_SECOND}</arg>
<doc>Pauses the test executed for the given time.</doc>
<msg timestamp="20220514 13:13:08.687" level="INFO">Slept 5 seconds</msg>
<status status="PASS" starttime="20220514 13:13:03.686" endtime="20220514 13:13:08.687"/>
</kw>
<status status="PASS" starttime="20220514 13:13:03.174" endtime="20220514 13:13:08.688"/>
</kw>
<status status="PASS" starttime="20220514 13:12:41.584" endtime="20220514 13:13:08.688"/>
</kw>
<kw name="Open Browser With Specific URL" library="resource">
<arg>${ITEMTOPLAY[1]}</arg>
<kw name="Open Browser" library="SeleniumLibrary">
<arg>url=${URL}</arg>
<arg>browser=${CHROME}</arg>
<arg>alias=${BROWSERALIAS}</arg>
<doc>Opens a new browser instance to the optional ``url``.</doc>
<msg timestamp="20220514 13:13:08.689" level="INFO">Using existing browser from index 1.</msg>
<msg timestamp="20220514 13:13:08.690" level="INFO">Opening url 'https://music.youtube.com/watch?v=WFjLiUYqIyc&amp;feature=share'</msg>
<status status="PASS" starttime="20220514 13:13:08.689" endtime="20220514 13:13:10.383"/>
</kw>
<kw name="Set Selenium Speed" library="SeleniumLibrary">
<arg>0.5</arg>
<doc>Sets the delay that is waited after each Selenium command.</doc>
<status status="PASS" starttime="20220514 13:13:10.384" endtime="20220514 13:13:10.384"/>
</kw>
<status status="PASS" starttime="20220514 13:13:08.688" endtime="20220514 13:13:10.384"/>
</kw>
<kw name="Make Sure Player Was Played" library="player_logic">
<kw name="Wait Player For A Seconds" library="player_logic">
<kw name="Sleep" library="BuiltIn">
<arg>${seconds}</arg>
<doc>Pauses the test executed for the given time.</doc>
<msg timestamp="20220514 13:13:15.386" level="INFO">Slept 5 seconds</msg>
<status status="PASS" starttime="20220514 13:13:10.385" endtime="20220514 13:13:15.386"/>
</kw>
<status status="PASS" starttime="20220514 13:13:10.385" endtime="20220514 13:13:15.387"/>
</kw>
<kw name="Run Keyword And Return Status" library="BuiltIn">
<var>${LeftCtrlVisbl}</var>
<arg>Verify Timer On Left Player Controller Are Visible</arg>
<doc>Runs the given keyword with given arguments and returns the status as a Boolean value.</doc>
<kw name="Verify Timer On Left Player Controller Are Visible" library="player_page">
<kw name="Wait Until Element Is Visible" library="SeleniumLibrary">
<arg>${left_controller_Player}</arg>
<arg>timeout=${MEDIUM_TIMEOUT}</arg>
<doc>Waits until the element ``locator`` is visible.</doc>
<status status="PASS" starttime="20220514 13:13:15.388" endtime="20220514 13:13:17.687"/>
</kw>
<status status="PASS" starttime="20220514 13:13:15.387" endtime="20220514 13:13:17.688"/>
</kw>
<msg timestamp="20220514 13:13:17.688" level="INFO">${LeftCtrlVisbl} = True</msg>
<status status="PASS" starttime="20220514 13:13:15.387" endtime="20220514 13:13:17.688"/>
</kw>
<kw name="Run Keyword If" library="BuiltIn">
<arg>not ${LeftCtrlVisbl}</arg>
<arg>Run Keywords</arg>
<arg>Handling Ads On Player</arg>
<arg>Verify Timer On Left Player Controller Are Visible</arg>
<arg>Player Timer Are Played</arg>
<doc>Runs the given keyword with the given arguments, if ``condition`` is true.</doc>
<status status="PASS" starttime="20220514 13:13:17.688" endtime="20220514 13:13:17.688"/>
</kw>
<kw name="Run Keyword If" library="BuiltIn">
<arg>${LeftCtrlVisbl}</arg>
<arg>Run Keywords</arg>
<arg>Verify Timer On Left Player Controller Are Visible</arg>
<arg>Player Timer Are Played</arg>
<doc>Runs the given keyword with the given arguments, if ``condition`` is true.</doc>
<kw name="Run Keywords" library="BuiltIn">
<arg>Verify Timer On Left Player Controller Are Visible</arg>
<arg>Player Timer Are Played</arg>
<doc>Executes all the given keywords in a sequence.</doc>
<kw name="Verify Timer On Left Player Controller Are Visible" library="player_page">
<kw name="Wait Until Element Is Visible" library="SeleniumLibrary">
<arg>${left_controller_Player}</arg>
<arg>timeout=${MEDIUM_TIMEOUT}</arg>
<doc>Waits until the element ``locator`` is visible.</doc>
<status status="PASS" starttime="20220514 13:13:17.690" endtime="20220514 13:13:18.715"/>
</kw>
<status status="PASS" starttime="20220514 13:13:17.689" endtime="20220514 13:13:18.715"/>
</kw>
<kw name="Player Timer Are Played" library="player_logic">
<kw name="Get Item Duration Details" library="player_logic">
<kw name="Get Timer Information" library="player_page">
<doc>example timer, 0:02 / 4:32</doc>
<kw name="Get Text" library="SeleniumLibrary">
<var>${timervalue}</var>
<arg>${left_controller_player_timer_line}</arg>
<doc>Returns the text value of the element identified by ``locator``.</doc>
<msg timestamp="20220514 13:13:19.749" level="INFO">${timervalue} = 0:02 / 4:32</msg>
<status status="PASS" starttime="20220514 13:13:18.717" endtime="20220514 13:13:19.749"/>
</kw>
<kw name="Set Suite Variable" library="BuiltIn">
<arg>${timervalue}</arg>
<arg>${timervalue}</arg>
<doc>Makes a variable available everywhere within the scope of the current suite.</doc>
<msg timestamp="20220514 13:13:19.750" level="INFO">${timervalue} = 0:02 / 4:32</msg>
<status status="PASS" starttime="20220514 13:13:19.749" endtime="20220514 13:13:19.750"/>
</kw>
<status status="PASS" starttime="20220514 13:13:18.716" endtime="20220514 13:13:19.750"/>
</kw>
<kw name="Get Song Total Duration" library="player_logic">
<kw name="Fetch From Right" library="String">
<var>${totalDuration}</var>
<arg>${timervalue}</arg>
<arg>${TIMER_SEPARATOR}</arg>
<doc>Returns contents of the ``string`` after the last occurrence of ``marker``.</doc>
<msg timestamp="20220514 13:13:19.751" level="INFO">${totalDuration} =  4:32</msg>
<status status="PASS" starttime="20220514 13:13:19.750" endtime="20220514 13:13:19.751"/>
</kw>
<kw name="Remove String" library="String">
<var>${totalDuration}</var>
<arg>${totalDuration}</arg>
<arg>${SPACE}</arg>
<doc>Removes all ``removables`` from the given ``string``.</doc>
<msg timestamp="20220514 13:13:19.751" level="INFO">${totalDuration} = 4:32</msg>
<status status="PASS" starttime="20220514 13:13:19.751" endtime="20220514 13:13:19.751"/>
</kw>
<kw name="Set Suite Variable" library="BuiltIn">
<arg>${totalDuration}</arg>
<doc>Makes a variable available everywhere within the scope of the current suite.</doc>
<msg timestamp="20220514 13:13:19.752" level="INFO">${totalDuration} = 4:32</msg>
<status status="PASS" starttime="20220514 13:13:19.752" endtime="20220514 13:13:19.752"/>
</kw>
<status status="PASS" starttime="20220514 13:13:19.750" endtime="20220514 13:13:19.752"/>
</kw>
<kw name="Get Song Current Duration" library="player_logic">
<kw name="Fetch From Left" library="String">
<var>${currentDuration}</var>
<arg>${timervalue}</arg>
<arg>${TIMER_SEPARATOR}</arg>
<doc>Returns contents of the ``string`` before the first occurrence of ``marker``.</doc>
<msg timestamp="20220514 13:13:19.753" level="INFO">${currentDuration} = 0:02 </msg>
<status status="PASS" starttime="20220514 13:13:19.753" endtime="20220514 13:13:19.753"/>
</kw>
<kw name="Remove String" library="String">
<var>${currentDuration}</var>
<arg>${currentDuration}</arg>
<arg>${SPACE}</arg>
<doc>Removes all ``removables`` from the given ``string``.</doc>
<msg timestamp="20220514 13:13:19.754" level="INFO">${currentDuration} = 0:02</msg>
<status status="PASS" starttime="20220514 13:13:19.754" endtime="20220514 13:13:19.754"/>
</kw>
<kw name="Set Suite Variable" library="BuiltIn">
<arg>${currentDuration}</arg>
<doc>Makes a variable available everywhere within the scope of the current suite.</doc>
<msg timestamp="20220514 13:13:19.755" level="INFO">${currentDuration} = 0:02</msg>
<status status="PASS" starttime="20220514 13:13:19.754" endtime="20220514 13:13:19.755"/>
</kw>
<status status="PASS" starttime="20220514 13:13:19.752" endtime="20220514 13:13:19.755"/>
</kw>
<status status="PASS" starttime="20220514 13:13:18.716" endtime="20220514 13:13:19.755"/>
</kw>
<kw name="Wait Player For A Seconds" library="player_logic">
<kw name="Sleep" library="BuiltIn">
<arg>${seconds}</arg>
<doc>Pauses the test executed for the given time.</doc>
<msg timestamp="20220514 13:13:24.757" level="INFO">Slept 5 seconds</msg>
<status status="PASS" starttime="20220514 13:13:19.756" endtime="20220514 13:13:24.757"/>
</kw>
<status status="PASS" starttime="20220514 13:13:19.755" endtime="20220514 13:13:24.758"/>
</kw>
<kw name="Should Not Be Equal" library="BuiltIn">
<arg>${currentDuration}</arg>
<arg>${ZERODURATION}</arg>
<doc>Fails if the given objects are equal.</doc>
<status status="PASS" starttime="20220514 13:13:24.758" endtime="20220514 13:13:24.758"/>
</kw>
<status status="PASS" starttime="20220514 13:13:18.715" endtime="20220514 13:13:24.759"/>
</kw>
<status status="PASS" starttime="20220514 13:13:17.689" endtime="20220514 13:13:24.759"/>
</kw>
<status status="PASS" starttime="20220514 13:13:17.689" endtime="20220514 13:13:24.759"/>
</kw>
<status status="PASS" starttime="20220514 13:13:10.384" endtime="20220514 13:13:24.759"/>
</kw>
<kw name="Play From Bottom Left Player Controller" library="player_logic">
<kw name="Verify Bottom Left Player Controller Are Visible" library="player_page">
<kw name="Wait Until Element Is Visible" library="SeleniumLibrary">
<arg>${player_background}</arg>
<arg>timeout=${FAST_TIMEOUT}</arg>
<doc>Waits until the element ``locator`` is visible.</doc>
<status status="PASS" starttime="20220514 13:13:24.761" endtime="20220514 13:13:25.789"/>
</kw>
<kw name="Wait Until Element Is Visible" library="SeleniumLibrary">
<arg>id=left-controls</arg>
<arg>timeout=${FAST_TIMEOUT}</arg>
<doc>Waits until the element ``locator`` is visible.</doc>
<status status="PASS" starttime="20220514 13:13:25.789" endtime="20220514 13:13:26.812"/>
</kw>
<status status="PASS" starttime="20220514 13:13:24.760" endtime="20220514 13:13:26.812"/>
</kw>
<kw name="Verify Play Button Are Visbile" library="player_page">
<kw name="Wait Until Element Is Visible" library="SeleniumLibrary">
<arg>${play_pause_button}</arg>
<arg>timeout=${FAST_TIMEOUT}</arg>
<doc>Waits until the element ``locator`` is visible.</doc>
<status status="PASS" starttime="20220514 13:13:26.813" endtime="20220514 13:13:27.838"/>
</kw>
<status status="PASS" starttime="20220514 13:13:26.812" endtime="20220514 13:13:27.838"/>
</kw>
<kw name="Press Play Button From Bottom Left Player Controller" library="player_logic">
<kw name="Run Keyword And Return Status" library="BuiltIn">
<var>${PlayBtnVisible}</var>
<arg>Click Play Button</arg>
<doc>Runs the given keyword with given arguments and returns the status as a Boolean value.</doc>
<kw name="Click Play Button" library="player_page">
<kw name="Click Element" library="SeleniumLibrary">
<arg>${play_pause_button}</arg>
<doc>Click the element identified by ``locator``.</doc>
<msg timestamp="20220514 13:13:27.840" level="INFO">Clicking element 'id=play-pause-button'.</msg>
<status status="PASS" starttime="20220514 13:13:27.839" endtime="20220514 13:13:28.925"/>
</kw>
<status status="PASS" starttime="20220514 13:13:27.839" endtime="20220514 13:13:28.925"/>
</kw>
<msg timestamp="20220514 13:13:28.925" level="INFO">${PlayBtnVisible} = True</msg>
<status status="PASS" starttime="20220514 13:13:27.839" endtime="20220514 13:13:28.925"/>
</kw>
<kw name="Run Keyword If" library="BuiltIn">
<arg>not ${PlayBtnVisible}</arg>
<arg>Activate Play Button</arg>
<doc>Runs the given keyword with the given arguments, if ``condition`` is true.</doc>
<status status="PASS" starttime="20220514 13:13:28.925" endtime="20220514 13:13:28.926"/>
</kw>
<status status="PASS" starttime="20220514 13:13:27.838" endtime="20220514 13:13:28.926"/>
</kw>
<status status="PASS" starttime="20220514 13:13:24.760" endtime="20220514 13:13:28.926"/>
</kw>
<kw name="Make Sure Player Was Paused" library="player_logic">
<kw name="Wait Player For A Seconds" library="player_logic">
<kw name="Sleep" library="BuiltIn">
<arg>${seconds}</arg>
<doc>Pauses the test executed for the given time.</doc>
<msg timestamp="20220514 13:13:33.927" level="INFO">Slept 5 seconds</msg>
<status status="PASS" starttime="20220514 13:13:28.927" endtime="20220514 13:13:33.928"/>
</kw>
<status status="PASS" starttime="20220514 13:13:28.926" endtime="20220514 13:13:33.928"/>
</kw>
<kw name="Run Keyword And Return Status" library="BuiltIn">
<var>${LeftCtrlVisbl}</var>
<arg>Verify Timer On Left Player Controller Are Visible</arg>
<doc>Runs the given keyword with given arguments and returns the status as a Boolean value.</doc>
<kw name="Verify Timer On Left Player Controller Are Visible" library="player_page">
<kw name="Wait Until Element Is Visible" library="SeleniumLibrary">
<arg>${left_controller_Player}</arg>
<arg>timeout=${MEDIUM_TIMEOUT}</arg>
<doc>Waits until the element ``locator`` is visible.</doc>
<status status="PASS" starttime="20220514 13:13:33.929" endtime="20220514 13:13:34.960"/>
</kw>
<status status="PASS" starttime="20220514 13:13:33.928" endtime="20220514 13:13:34.961"/>
</kw>
<msg timestamp="20220514 13:13:34.961" level="INFO">${LeftCtrlVisbl} = True</msg>
<status status="PASS" starttime="20220514 13:13:33.928" endtime="20220514 13:13:34.961"/>
</kw>
<kw name="Run Keyword If" library="BuiltIn">
<arg>not ${LeftCtrlVisbl}</arg>
<arg>Run Keywords</arg>
<arg>Handling Ads On Player</arg>
<arg>Verify Timer On Left Player Controller Are Visible</arg>
<arg>Player Timer Are Paused</arg>
<doc>Runs the given keyword with the given arguments, if ``condition`` is true.</doc>
<status status="PASS" starttime="20220514 13:13:34.961" endtime="20220514 13:13:34.961"/>
</kw>
<status status="PASS" starttime="20220514 13:13:28.926" endtime="20220514 13:13:34.961"/>
</kw>
<kw name="Close All Browsers" library="SeleniumLibrary" type="TEARDOWN">
<doc>Closes all open browsers and resets the browser cache.</doc>
<status status="PASS" starttime="20220514 13:13:34.963" endtime="20220514 13:13:35.557"/>
</kw>
<doc>Logged and non subs user are able to play, after opening link will be auto play</doc>
<status status="PASS" starttime="20220514 13:12:34.911" endtime="20220514 13:13:35.558"/>
</test>
<test id="s1-s2-t4" name="User Able to Play Next And Previous Song On music.youtube.com Web Player" line="29">
<kw name="Open Browser With Specific URL" library="resource">
<arg>${ITEMTOPLAY[1]}</arg>
<kw name="Open Browser" library="SeleniumLibrary">
<arg>url=${URL}</arg>
<arg>browser=${CHROME}</arg>
<arg>alias=${BROWSERALIAS}</arg>
<doc>Opens a new browser instance to the optional ``url``.</doc>
<msg timestamp="20220514 13:13:35.560" level="INFO">Opening browser 'Chrome' to base url 'https://music.youtube.com/watch?v=WFjLiUYqIyc&amp;feature=share'.</msg>
<status status="PASS" starttime="20220514 13:13:35.560" endtime="20220514 13:13:41.122"/>
</kw>
<kw name="Set Selenium Speed" library="SeleniumLibrary">
<arg>0.5</arg>
<doc>Sets the delay that is waited after each Selenium command.</doc>
<status status="PASS" starttime="20220514 13:13:41.122" endtime="20220514 13:13:41.123"/>
</kw>
<status status="PASS" starttime="20220514 13:13:35.559" endtime="20220514 13:13:41.123"/>
</kw>
<kw name="Play From Bottom Left Player Controller" library="player_logic">
<kw name="Verify Bottom Left Player Controller Are Visible" library="player_page">
<kw name="Wait Until Element Is Visible" library="SeleniumLibrary">
<arg>${player_background}</arg>
<arg>timeout=${FAST_TIMEOUT}</arg>
<doc>Waits until the element ``locator`` is visible.</doc>
<status status="PASS" starttime="20220514 13:13:41.125" endtime="20220514 13:13:43.151"/>
</kw>
<kw name="Wait Until Element Is Visible" library="SeleniumLibrary">
<arg>id=left-controls</arg>
<arg>timeout=${FAST_TIMEOUT}</arg>
<doc>Waits until the element ``locator`` is visible.</doc>
<status status="PASS" starttime="20220514 13:13:43.151" endtime="20220514 13:13:44.186"/>
</kw>
<status status="PASS" starttime="20220514 13:13:41.124" endtime="20220514 13:13:44.187"/>
</kw>
<kw name="Verify Play Button Are Visbile" library="player_page">
<kw name="Wait Until Element Is Visible" library="SeleniumLibrary">
<arg>${play_pause_button}</arg>
<arg>timeout=${FAST_TIMEOUT}</arg>
<doc>Waits until the element ``locator`` is visible.</doc>
<status status="PASS" starttime="20220514 13:13:44.187" endtime="20220514 13:13:45.211"/>
</kw>
<status status="PASS" starttime="20220514 13:13:44.187" endtime="20220514 13:13:45.211"/>
</kw>
<kw name="Press Play Button From Bottom Left Player Controller" library="player_logic">
<kw name="Run Keyword And Return Status" library="BuiltIn">
<var>${PlayBtnVisible}</var>
<arg>Click Play Button</arg>
<doc>Runs the given keyword with given arguments and returns the status as a Boolean value.</doc>
<kw name="Click Play Button" library="player_page">
<kw name="Click Element" library="SeleniumLibrary">
<arg>${play_pause_button}</arg>
<doc>Click the element identified by ``locator``.</doc>
<msg timestamp="20220514 13:13:45.213" level="INFO">Clicking element 'id=play-pause-button'.</msg>
<status status="PASS" starttime="20220514 13:13:45.213" endtime="20220514 13:13:46.271"/>
</kw>
<status status="PASS" starttime="20220514 13:13:45.213" endtime="20220514 13:13:46.271"/>
</kw>
<msg timestamp="20220514 13:13:46.271" level="INFO">${PlayBtnVisible} = True</msg>
<status status="PASS" starttime="20220514 13:13:45.212" endtime="20220514 13:13:46.272"/>
</kw>
<kw name="Run Keyword If" library="BuiltIn">
<arg>not ${PlayBtnVisible}</arg>
<arg>Activate Play Button</arg>
<doc>Runs the given keyword with the given arguments, if ``condition`` is true.</doc>
<status status="PASS" starttime="20220514 13:13:46.272" endtime="20220514 13:13:46.272"/>
</kw>
<status status="PASS" starttime="20220514 13:13:45.211" endtime="20220514 13:13:46.272"/>
</kw>
<status status="PASS" starttime="20220514 13:13:41.124" endtime="20220514 13:13:46.273"/>
</kw>
<kw name="Make Sure Player Was Played" library="player_logic">
<kw name="Wait Player For A Seconds" library="player_logic">
<kw name="Sleep" library="BuiltIn">
<arg>${seconds}</arg>
<doc>Pauses the test executed for the given time.</doc>
<msg timestamp="20220514 13:13:51.276" level="INFO">Slept 5 seconds</msg>
<status status="PASS" starttime="20220514 13:13:46.274" endtime="20220514 13:13:51.276"/>
</kw>
<status status="PASS" starttime="20220514 13:13:46.273" endtime="20220514 13:13:51.276"/>
</kw>
<kw name="Run Keyword And Return Status" library="BuiltIn">
<var>${LeftCtrlVisbl}</var>
<arg>Verify Timer On Left Player Controller Are Visible</arg>
<doc>Runs the given keyword with given arguments and returns the status as a Boolean value.</doc>
<kw name="Verify Timer On Left Player Controller Are Visible" library="player_page">
<kw name="Wait Until Element Is Visible" library="SeleniumLibrary">
<arg>${left_controller_Player}</arg>
<arg>timeout=${MEDIUM_TIMEOUT}</arg>
<doc>Waits until the element ``locator`` is visible.</doc>
<status status="PASS" starttime="20220514 13:13:51.277" endtime="20220514 13:13:52.409"/>
</kw>
<status status="PASS" starttime="20220514 13:13:51.277" endtime="20220514 13:13:52.409"/>
</kw>
<msg timestamp="20220514 13:13:52.409" level="INFO">${LeftCtrlVisbl} = True</msg>
<status status="PASS" starttime="20220514 13:13:51.276" endtime="20220514 13:13:52.409"/>
</kw>
<kw name="Run Keyword If" library="BuiltIn">
<arg>not ${LeftCtrlVisbl}</arg>
<arg>Run Keywords</arg>
<arg>Handling Ads On Player</arg>
<arg>Verify Timer On Left Player Controller Are Visible</arg>
<arg>Player Timer Are Played</arg>
<doc>Runs the given keyword with the given arguments, if ``condition`` is true.</doc>
<status status="PASS" starttime="20220514 13:13:52.409" endtime="20220514 13:13:52.410"/>
</kw>
<kw name="Run Keyword If" library="BuiltIn">
<arg>${LeftCtrlVisbl}</arg>
<arg>Run Keywords</arg>
<arg>Verify Timer On Left Player Controller Are Visible</arg>
<arg>Player Timer Are Played</arg>
<doc>Runs the given keyword with the given arguments, if ``condition`` is true.</doc>
<kw name="Run Keywords" library="BuiltIn">
<arg>Verify Timer On Left Player Controller Are Visible</arg>
<arg>Player Timer Are Played</arg>
<doc>Executes all the given keywords in a sequence.</doc>
<kw name="Verify Timer On Left Player Controller Are Visible" library="player_page">
<kw name="Wait Until Element Is Visible" library="SeleniumLibrary">
<arg>${left_controller_Player}</arg>
<arg>timeout=${MEDIUM_TIMEOUT}</arg>
<doc>Waits until the element ``locator`` is visible.</doc>
<status status="PASS" starttime="20220514 13:13:52.411" endtime="20220514 13:13:53.433"/>
</kw>
<status status="PASS" starttime="20220514 13:13:52.411" endtime="20220514 13:13:53.433"/>
</kw>
<kw name="Player Timer Are Played" library="player_logic">
<kw name="Get Item Duration Details" library="player_logic">
<kw name="Get Timer Information" library="player_page">
<doc>example timer, 0:02 / 4:32</doc>
<kw name="Get Text" library="SeleniumLibrary">
<var>${timervalue}</var>
<arg>${left_controller_player_timer_line}</arg>
<doc>Returns the text value of the element identified by ``locator``.</doc>
<msg timestamp="20220514 13:13:54.462" level="INFO">${timervalue} = 0:02 / 4:32</msg>
<status status="PASS" starttime="20220514 13:13:53.434" endtime="20220514 13:13:54.462"/>
</kw>
<kw name="Set Suite Variable" library="BuiltIn">
<arg>${timervalue}</arg>
<arg>${timervalue}</arg>
<doc>Makes a variable available everywhere within the scope of the current suite.</doc>
<msg timestamp="20220514 13:13:54.463" level="INFO">${timervalue} = 0:02 / 4:32</msg>
<status status="PASS" starttime="20220514 13:13:54.463" endtime="20220514 13:13:54.463"/>
</kw>
<status status="PASS" starttime="20220514 13:13:53.434" endtime="20220514 13:13:54.464"/>
</kw>
<kw name="Get Song Total Duration" library="player_logic">
<kw name="Fetch From Right" library="String">
<var>${totalDuration}</var>
<arg>${timervalue}</arg>
<arg>${TIMER_SEPARATOR}</arg>
<doc>Returns contents of the ``string`` after the last occurrence of ``marker``.</doc>
<msg timestamp="20220514 13:13:54.465" level="INFO">${totalDuration} =  4:32</msg>
<status status="PASS" starttime="20220514 13:13:54.464" endtime="20220514 13:13:54.465"/>
</kw>
<kw name="Remove String" library="String">
<var>${totalDuration}</var>
<arg>${totalDuration}</arg>
<arg>${SPACE}</arg>
<doc>Removes all ``removables`` from the given ``string``.</doc>
<msg timestamp="20220514 13:13:54.466" level="INFO">${totalDuration} = 4:32</msg>
<status status="PASS" starttime="20220514 13:13:54.465" endtime="20220514 13:13:54.466"/>
</kw>
<kw name="Set Suite Variable" library="BuiltIn">
<arg>${totalDuration}</arg>
<doc>Makes a variable available everywhere within the scope of the current suite.</doc>
<msg timestamp="20220514 13:13:54.467" level="INFO">${totalDuration} = 4:32</msg>
<status status="PASS" starttime="20220514 13:13:54.466" endtime="20220514 13:13:54.467"/>
</kw>
<status status="PASS" starttime="20220514 13:13:54.464" endtime="20220514 13:13:54.467"/>
</kw>
<kw name="Get Song Current Duration" library="player_logic">
<kw name="Fetch From Left" library="String">
<var>${currentDuration}</var>
<arg>${timervalue}</arg>
<arg>${TIMER_SEPARATOR}</arg>
<doc>Returns contents of the ``string`` before the first occurrence of ``marker``.</doc>
<msg timestamp="20220514 13:13:54.469" level="INFO">${currentDuration} = 0:02 </msg>
<status status="PASS" starttime="20220514 13:13:54.468" endtime="20220514 13:13:54.469"/>
</kw>
<kw name="Remove String" library="String">
<var>${currentDuration}</var>
<arg>${currentDuration}</arg>
<arg>${SPACE}</arg>
<doc>Removes all ``removables`` from the given ``string``.</doc>
<msg timestamp="20220514 13:13:54.469" level="INFO">${currentDuration} = 0:02</msg>
<status status="PASS" starttime="20220514 13:13:54.469" endtime="20220514 13:13:54.469"/>
</kw>
<kw name="Set Suite Variable" library="BuiltIn">
<arg>${currentDuration}</arg>
<doc>Makes a variable available everywhere within the scope of the current suite.</doc>
<msg timestamp="20220514 13:13:54.470" level="INFO">${currentDuration} = 0:02</msg>
<status status="PASS" starttime="20220514 13:13:54.470" endtime="20220514 13:13:54.470"/>
</kw>
<status status="PASS" starttime="20220514 13:13:54.468" endtime="20220514 13:13:54.470"/>
</kw>
<status status="PASS" starttime="20220514 13:13:53.433" endtime="20220514 13:13:54.470"/>
</kw>
<kw name="Wait Player For A Seconds" library="player_logic">
<kw name="Sleep" library="BuiltIn">
<arg>${seconds}</arg>
<doc>Pauses the test executed for the given time.</doc>
<msg timestamp="20220514 13:13:59.472" level="INFO">Slept 5 seconds</msg>
<status status="PASS" starttime="20220514 13:13:54.471" endtime="20220514 13:13:59.472"/>
</kw>
<status status="PASS" starttime="20220514 13:13:54.470" endtime="20220514 13:13:59.472"/>
</kw>
<kw name="Should Not Be Equal" library="BuiltIn">
<arg>${currentDuration}</arg>
<arg>${ZERODURATION}</arg>
<doc>Fails if the given objects are equal.</doc>
<status status="PASS" starttime="20220514 13:13:59.472" endtime="20220514 13:13:59.473"/>
</kw>
<status status="PASS" starttime="20220514 13:13:53.433" endtime="20220514 13:13:59.473"/>
</kw>
<status status="PASS" starttime="20220514 13:13:52.410" endtime="20220514 13:13:59.473"/>
</kw>
<status status="PASS" starttime="20220514 13:13:52.410" endtime="20220514 13:13:59.473"/>
</kw>
<status status="PASS" starttime="20220514 13:13:46.273" endtime="20220514 13:13:59.473"/>
</kw>
<kw name="Make Sure User Able To Play Next Song" library="player_logic">
<kw name="Set Old Song Information" library="player_logic">
<kw name="Get Song Information" library="player_logic">
<kw name="Get Song Title" library="player_page">
<kw name="Get Text" library="SeleniumLibrary">
<var>${SONG_TITLE}</var>
<arg>${song_title_btm_controller}</arg>
<doc>Returns the text value of the element identified by ``locator``.</doc>
<msg timestamp="20220514 13:14:00.509" level="INFO">${SONG_TITLE} = Rumangsa (feat. Sri Hanuraga)</msg>
<status status="PASS" starttime="20220514 13:13:59.475" endtime="20220514 13:14:00.510"/>
</kw>
<kw name="Set Suite Variable" library="BuiltIn">
<arg>${SONG_TITLE}</arg>
<doc>Makes a variable available everywhere within the scope of the current suite.</doc>
<msg timestamp="20220514 13:14:00.510" level="INFO">${SONG_TITLE} = Rumangsa (feat. Sri Hanuraga)</msg>
<status status="PASS" starttime="20220514 13:14:00.510" endtime="20220514 13:14:00.510"/>
</kw>
<status status="PASS" starttime="20220514 13:13:59.475" endtime="20220514 13:14:00.510"/>
</kw>
<kw name="Get Song Artist" library="player_page">
<kw name="Get Text" library="SeleniumLibrary">
<var>${SONG_SINGER}</var>
<arg>${song_subtitle_btm_controller}</arg>
<doc>Returns the text value of the element identified by ``locator``.</doc>
<msg timestamp="20220514 13:14:01.549" level="INFO">${SONG_SINGER} = Hursa
 • 
Rumangsa
 • 
2021</msg>
<status status="PASS" starttime="20220514 13:14:00.511" endtime="20220514 13:14:01.549"/>
</kw>
<kw name="Fetch From Left" library="String">
<var>${SONG_SINGER}</var>
<arg>${SONG_SINGER}</arg>
<arg>•</arg>
<doc>Returns contents of the ``string`` before the first occurrence of ``marker``.</doc>
<msg timestamp="20220514 13:14:01.550" level="INFO">${SONG_SINGER} = Hursa
 </msg>
<status status="PASS" starttime="20220514 13:14:01.550" endtime="20220514 13:14:01.550"/>
</kw>
<kw name="Remove String" library="String">
<var>${SONG_SINGER}</var>
<arg>${SONG_SINGER}</arg>
<arg>${SPACE}</arg>
<doc>Removes all ``removables`` from the given ``string``.</doc>
<msg timestamp="20220514 13:14:01.551" level="INFO">${SONG_SINGER} = Hursa
</msg>
<status status="PASS" starttime="20220514 13:14:01.550" endtime="20220514 13:14:01.551"/>
</kw>
<kw name="Set Suite Variable" library="BuiltIn">
<arg>${SONG_SINGER}</arg>
<doc>Makes a variable available everywhere within the scope of the current suite.</doc>
<msg timestamp="20220514 13:14:01.551" level="INFO">${SONG_SINGER} = Hursa
</msg>
<status status="PASS" starttime="20220514 13:14:01.551" endtime="20220514 13:14:01.551"/>
</kw>
<status status="PASS" starttime="20220514 13:14:00.511" endtime="20220514 13:14:01.551"/>
</kw>
<status status="PASS" starttime="20220514 13:13:59.474" endtime="20220514 13:14:01.552"/>
</kw>
<kw name="Set Suite Variable" library="BuiltIn">
<arg>${OLD_SONG_SINGER}</arg>
<arg>${SONG_SINGER}</arg>
<doc>Makes a variable available everywhere within the scope of the current suite.</doc>
<msg timestamp="20220514 13:14:01.554" level="INFO">${OLD_SONG_SINGER} = Hursa
</msg>
<status status="PASS" starttime="20220514 13:14:01.552" endtime="20220514 13:14:01.554"/>
</kw>
<kw name="Set Suite Variable" library="BuiltIn">
<arg>${OLD_SONG_TITLE}</arg>
<arg>${SONG_TITLE}</arg>
<doc>Makes a variable available everywhere within the scope of the current suite.</doc>
<msg timestamp="20220514 13:14:01.556" level="INFO">${OLD_SONG_TITLE} = Rumangsa (feat. Sri Hanuraga)</msg>
<status status="PASS" starttime="20220514 13:14:01.554" endtime="20220514 13:14:01.556"/>
</kw>
<status status="PASS" starttime="20220514 13:13:59.474" endtime="20220514 13:14:01.556"/>
</kw>
<kw name="Hit Next Button" library="player_logic">
<kw name="Run Keyword And Return Status" library="BuiltIn">
<var>${nextBtnShown}</var>
<arg>Verify Hit Next Song Button</arg>
<doc>Runs the given keyword with given arguments and returns the status as a Boolean value.</doc>
<kw name="Verify Hit Next Song Button" library="player_page">
<kw name="Wait Until Element Is Visible" library="SeleniumLibrary">
<arg>${next_button_btm_controller}</arg>
<arg>timeout=${FAST_TIMEOUT}</arg>
<doc>Waits until the element ``locator`` is visible.</doc>
<status status="PASS" starttime="20220514 13:14:01.557" endtime="20220514 13:14:02.584"/>
</kw>
<status status="PASS" starttime="20220514 13:14:01.557" endtime="20220514 13:14:02.584"/>
</kw>
<msg timestamp="20220514 13:14:02.584" level="INFO">${nextBtnShown} = True</msg>
<status status="PASS" starttime="20220514 13:14:01.557" endtime="20220514 13:14:02.584"/>
</kw>
<kw name="Run Keyword If" library="BuiltIn">
<arg>${nextBtnShown}</arg>
<arg>Click Next Song Button</arg>
<doc>Runs the given keyword with the given arguments, if ``condition`` is true.</doc>
<kw name="Click Next Song Button" library="player_page">
<kw name="Click Element" library="SeleniumLibrary">
<arg>${next_button_btm_controller}</arg>
<doc>Click the element identified by ``locator``.</doc>
<msg timestamp="20220514 13:14:02.586" level="INFO">Clicking element 'xpath=//*[@class="next-button style-scope ytmusic-player-bar"]'.</msg>
<status status="PASS" starttime="20220514 13:14:02.585" endtime="20220514 13:14:04.012"/>
</kw>
<status status="PASS" starttime="20220514 13:14:02.585" endtime="20220514 13:14:04.012"/>
</kw>
<status status="PASS" starttime="20220514 13:14:02.585" endtime="20220514 13:14:04.012"/>
</kw>
<status status="PASS" starttime="20220514 13:14:01.556" endtime="20220514 13:14:04.013"/>
</kw>
<kw name="Set Current Song Information" library="player_logic">
<kw name="Get Song Information" library="player_logic">
<kw name="Get Song Title" library="player_page">
<kw name="Get Text" library="SeleniumLibrary">
<var>${SONG_TITLE}</var>
<arg>${song_title_btm_controller}</arg>
<doc>Returns the text value of the element identified by ``locator``.</doc>
<msg timestamp="20220514 13:14:05.049" level="INFO">${SONG_TITLE} = </msg>
<status status="PASS" starttime="20220514 13:14:04.014" endtime="20220514 13:14:05.050"/>
</kw>
<kw name="Set Suite Variable" library="BuiltIn">
<arg>${SONG_TITLE}</arg>
<doc>Makes a variable available everywhere within the scope of the current suite.</doc>
<msg timestamp="20220514 13:14:05.051" level="INFO">${SONG_TITLE} = </msg>
<status status="PASS" starttime="20220514 13:14:05.050" endtime="20220514 13:14:05.051"/>
</kw>
<status status="PASS" starttime="20220514 13:14:04.014" endtime="20220514 13:14:05.051"/>
</kw>
<kw name="Get Song Artist" library="player_page">
<kw name="Get Text" library="SeleniumLibrary">
<var>${SONG_SINGER}</var>
<arg>${song_subtitle_btm_controller}</arg>
<doc>Returns the text value of the element identified by ``locator``.</doc>
<msg timestamp="20220514 13:14:06.084" level="INFO">${SONG_SINGER} = Video will play after ad</msg>
<status status="PASS" starttime="20220514 13:14:05.051" endtime="20220514 13:14:06.084"/>
</kw>
<kw name="Fetch From Left" library="String">
<var>${SONG_SINGER}</var>
<arg>${SONG_SINGER}</arg>
<arg>•</arg>
<doc>Returns contents of the ``string`` before the first occurrence of ``marker``.</doc>
<msg timestamp="20220514 13:14:06.084" level="INFO">${SONG_SINGER} = Video will play after ad</msg>
<status status="PASS" starttime="20220514 13:14:06.084" endtime="20220514 13:14:06.084"/>
</kw>
<kw name="Remove String" library="String">
<var>${SONG_SINGER}</var>
<arg>${SONG_SINGER}</arg>
<arg>${SPACE}</arg>
<doc>Removes all ``removables`` from the given ``string``.</doc>
<msg timestamp="20220514 13:14:06.085" level="INFO">${SONG_SINGER} = Videowillplayafterad</msg>
<status status="PASS" starttime="20220514 13:14:06.085" endtime="20220514 13:14:06.085"/>
</kw>
<kw name="Set Suite Variable" library="BuiltIn">
<arg>${SONG_SINGER}</arg>
<doc>Makes a variable available everywhere within the scope of the current suite.</doc>
<msg timestamp="20220514 13:14:06.086" level="INFO">${SONG_SINGER} = Videowillplayafterad</msg>
<status status="PASS" starttime="20220514 13:14:06.085" endtime="20220514 13:14:06.086"/>
</kw>
<status status="PASS" starttime="20220514 13:14:05.051" endtime="20220514 13:14:06.086"/>
</kw>
<status status="PASS" starttime="20220514 13:14:04.013" endtime="20220514 13:14:06.086"/>
</kw>
<kw name="Set Suite Variable" library="BuiltIn">
<arg>${CURRENT_SONG_SINGER}</arg>
<arg>${SONG_SINGER}</arg>
<doc>Makes a variable available everywhere within the scope of the current suite.</doc>
<msg timestamp="20220514 13:14:06.088" level="INFO">${CURRENT_SONG_SINGER} = Videowillplayafterad</msg>
<status status="PASS" starttime="20220514 13:14:06.086" endtime="20220514 13:14:06.088"/>
</kw>
<kw name="Set Suite Variable" library="BuiltIn">
<arg>${CURRENT_SONG_TITLE}</arg>
<arg>${SONG_TITLE}</arg>
<doc>Makes a variable available everywhere within the scope of the current suite.</doc>
<msg timestamp="20220514 13:14:06.090" level="INFO">${CURRENT_SONG_TITLE} = </msg>
<status status="PASS" starttime="20220514 13:14:06.088" endtime="20220514 13:14:06.090"/>
</kw>
<status status="PASS" starttime="20220514 13:14:04.013" endtime="20220514 13:14:06.091"/>
</kw>
<kw name="Verify Current Playing" library="player_logic">
<kw name="Run Keyword And Return Status" library="BuiltIn">
<var>${ArtistAreSame}</var>
<arg>Verify Different Artist</arg>
<doc>Runs the given keyword with given arguments and returns the status as a Boolean value.</doc>
<kw name="Verify Different Artist" library="player_logic">
<kw name="Should Not Be Equal" library="BuiltIn">
<arg>${OLD_SONG_SINGER}</arg>
<arg>${CURRENT_SONG_SINGER}</arg>
<doc>Fails if the given objects are equal.</doc>
<status status="PASS" starttime="20220514 13:14:06.092" endtime="20220514 13:14:06.092"/>
</kw>
<status status="PASS" starttime="20220514 13:14:06.091" endtime="20220514 13:14:06.092"/>
</kw>
<msg timestamp="20220514 13:14:06.092" level="INFO">${ArtistAreSame} = True</msg>
<status status="PASS" starttime="20220514 13:14:06.091" endtime="20220514 13:14:06.092"/>
</kw>
<kw name="Run Keyword If" library="BuiltIn">
<arg>${ArtistAreSame}</arg>
<arg>Verify Different Title</arg>
<doc>Runs the given keyword with the given arguments, if ``condition`` is true.</doc>
<kw name="Verify Different Title" library="player_logic">
<kw name="Should Not Be Equal" library="BuiltIn">
<arg>${OLD_SONG_TITLE}</arg>
<arg>${CURRENT_SONG_TITLE}</arg>
<doc>Fails if the given objects are equal.</doc>
<status status="PASS" starttime="20220514 13:14:06.093" endtime="20220514 13:14:06.094"/>
</kw>
<status status="PASS" starttime="20220514 13:14:06.093" endtime="20220514 13:14:06.094"/>
</kw>
<status status="PASS" starttime="20220514 13:14:06.093" endtime="20220514 13:14:06.094"/>
</kw>
<status status="PASS" starttime="20220514 13:14:06.091" endtime="20220514 13:14:06.094"/>
</kw>
<status status="PASS" starttime="20220514 13:13:59.473" endtime="20220514 13:14:06.094"/>
</kw>
<kw name="Make Sure User Able To Play Previous Song" library="player_logic">
<kw name="Set Old Song Information" library="player_logic">
<kw name="Get Song Information" library="player_logic">
<kw name="Get Song Title" library="player_page">
<kw name="Get Text" library="SeleniumLibrary">
<var>${SONG_TITLE}</var>
<arg>${song_title_btm_controller}</arg>
<doc>Returns the text value of the element identified by ``locator``.</doc>
<msg timestamp="20220514 13:14:07.129" level="INFO">${SONG_TITLE} = </msg>
<status status="PASS" starttime="20220514 13:14:06.096" endtime="20220514 13:14:07.129"/>
</kw>
<kw name="Set Suite Variable" library="BuiltIn">
<arg>${SONG_TITLE}</arg>
<doc>Makes a variable available everywhere within the scope of the current suite.</doc>
<msg timestamp="20220514 13:14:07.130" level="INFO">${SONG_TITLE} = </msg>
<status status="PASS" starttime="20220514 13:14:07.129" endtime="20220514 13:14:07.130"/>
</kw>
<status status="PASS" starttime="20220514 13:14:06.095" endtime="20220514 13:14:07.130"/>
</kw>
<kw name="Get Song Artist" library="player_page">
<kw name="Get Text" library="SeleniumLibrary">
<var>${SONG_SINGER}</var>
<arg>${song_subtitle_btm_controller}</arg>
<doc>Returns the text value of the element identified by ``locator``.</doc>
<msg timestamp="20220514 13:14:08.197" level="INFO">${SONG_SINGER} = Video will play after ad</msg>
<status status="PASS" starttime="20220514 13:14:07.131" endtime="20220514 13:14:08.197"/>
</kw>
<kw name="Fetch From Left" library="String">
<var>${SONG_SINGER}</var>
<arg>${SONG_SINGER}</arg>
<arg>•</arg>
<doc>Returns contents of the ``string`` before the first occurrence of ``marker``.</doc>
<msg timestamp="20220514 13:14:08.198" level="INFO">${SONG_SINGER} = Video will play after ad</msg>
<status status="PASS" starttime="20220514 13:14:08.197" endtime="20220514 13:14:08.198"/>
</kw>
<kw name="Remove String" library="String">
<var>${SONG_SINGER}</var>
<arg>${SONG_SINGER}</arg>
<arg>${SPACE}</arg>
<doc>Removes all ``removables`` from the given ``string``.</doc>
<msg timestamp="20220514 13:14:08.198" level="INFO">${SONG_SINGER} = Videowillplayafterad</msg>
<status status="PASS" starttime="20220514 13:14:08.198" endtime="20220514 13:14:08.198"/>
</kw>
<kw name="Set Suite Variable" library="BuiltIn">
<arg>${SONG_SINGER}</arg>
<doc>Makes a variable available everywhere within the scope of the current suite.</doc>
<msg timestamp="20220514 13:14:08.199" level="INFO">${SONG_SINGER} = Videowillplayafterad</msg>
<status status="PASS" starttime="20220514 13:14:08.198" endtime="20220514 13:14:08.199"/>
</kw>
<status status="PASS" starttime="20220514 13:14:07.130" endtime="20220514 13:14:08.199"/>
</kw>
<status status="PASS" starttime="20220514 13:14:06.095" endtime="20220514 13:14:08.199"/>
</kw>
<kw name="Set Suite Variable" library="BuiltIn">
<arg>${OLD_SONG_SINGER}</arg>
<arg>${SONG_SINGER}</arg>
<doc>Makes a variable available everywhere within the scope of the current suite.</doc>
<msg timestamp="20220514 13:14:08.200" level="INFO">${OLD_SONG_SINGER} = Videowillplayafterad</msg>
<status status="PASS" starttime="20220514 13:14:08.199" endtime="20220514 13:14:08.200"/>
</kw>
<kw name="Set Suite Variable" library="BuiltIn">
<arg>${OLD_SONG_TITLE}</arg>
<arg>${SONG_TITLE}</arg>
<doc>Makes a variable available everywhere within the scope of the current suite.</doc>
<msg timestamp="20220514 13:14:08.200" level="INFO">${OLD_SONG_TITLE} = </msg>
<status status="PASS" starttime="20220514 13:14:08.200" endtime="20220514 13:14:08.200"/>
</kw>
<status status="PASS" starttime="20220514 13:14:06.095" endtime="20220514 13:14:08.201"/>
</kw>
<kw name="Hit Previous Button" library="player_logic">
<kw name="Run Keyword And Return Status" library="BuiltIn">
<var>${prevBtnShown}</var>
<arg>Verify Previous Song Button</arg>
<doc>Runs the given keyword with given arguments and returns the status as a Boolean value.</doc>
<kw name="Verify Previous Song Button" library="player_page">
<kw name="Wait Until Element Is Visible" library="SeleniumLibrary">
<arg>${prev_button_btm_controller}</arg>
<arg>timeout=${FAST_TIMEOUT}</arg>
<doc>Waits until the element ``locator`` is visible.</doc>
<status status="PASS" starttime="20220514 13:14:08.202" endtime="20220514 13:14:09.235"/>
</kw>
<status status="PASS" starttime="20220514 13:14:08.201" endtime="20220514 13:14:09.235"/>
</kw>
<msg timestamp="20220514 13:14:09.235" level="INFO">${prevBtnShown} = True</msg>
<status status="PASS" starttime="20220514 13:14:08.201" endtime="20220514 13:14:09.235"/>
</kw>
<kw name="Run Keyword If" library="BuiltIn">
<arg>${prevBtnShown}</arg>
<arg>Click Previous Song Button</arg>
<doc>Runs the given keyword with the given arguments, if ``condition`` is true.</doc>
<kw name="Click Previous Song Button" library="player_page">
<kw name="Click Element" library="SeleniumLibrary">
<arg>${prev_button_btm_controller}</arg>
<doc>Click the element identified by ``locator``.</doc>
<msg timestamp="20220514 13:14:09.237" level="INFO">Clicking element 'xpath=//*[@class="previous-button style-scope ytmusic-player-bar"]'.</msg>
<status status="PASS" starttime="20220514 13:14:09.237" endtime="20220514 13:14:10.673"/>
</kw>
<status status="PASS" starttime="20220514 13:14:09.236" endtime="20220514 13:14:10.673"/>
</kw>
<status status="PASS" starttime="20220514 13:14:09.236" endtime="20220514 13:14:10.673"/>
</kw>
<status status="PASS" starttime="20220514 13:14:08.201" endtime="20220514 13:14:10.673"/>
</kw>
<kw name="Set Current Song Information" library="player_logic">
<kw name="Get Song Information" library="player_logic">
<kw name="Get Song Title" library="player_page">
<kw name="Get Text" library="SeleniumLibrary">
<var>${SONG_TITLE}</var>
<arg>${song_title_btm_controller}</arg>
<doc>Returns the text value of the element identified by ``locator``.</doc>
<msg timestamp="20220514 13:14:11.708" level="INFO">${SONG_TITLE} = Rumangsa (feat. Sri Hanuraga)</msg>
<status status="PASS" starttime="20220514 13:14:10.675" endtime="20220514 13:14:11.708"/>
</kw>
<kw name="Set Suite Variable" library="BuiltIn">
<arg>${SONG_TITLE}</arg>
<doc>Makes a variable available everywhere within the scope of the current suite.</doc>
<msg timestamp="20220514 13:14:11.709" level="INFO">${SONG_TITLE} = Rumangsa (feat. Sri Hanuraga)</msg>
<status status="PASS" starttime="20220514 13:14:11.708" endtime="20220514 13:14:11.709"/>
</kw>
<status status="PASS" starttime="20220514 13:14:10.675" endtime="20220514 13:14:11.709"/>
</kw>
<kw name="Get Song Artist" library="player_page">
<kw name="Get Text" library="SeleniumLibrary">
<var>${SONG_SINGER}</var>
<arg>${song_subtitle_btm_controller}</arg>
<doc>Returns the text value of the element identified by ``locator``.</doc>
<msg timestamp="20220514 13:14:12.733" level="INFO">${SONG_SINGER} = Hursa
 • 
Rumangsa
 • 
2021</msg>
<status status="PASS" starttime="20220514 13:14:11.710" endtime="20220514 13:14:12.733"/>
</kw>
<kw name="Fetch From Left" library="String">
<var>${SONG_SINGER}</var>
<arg>${SONG_SINGER}</arg>
<arg>•</arg>
<doc>Returns contents of the ``string`` before the first occurrence of ``marker``.</doc>
<msg timestamp="20220514 13:14:12.734" level="INFO">${SONG_SINGER} = Hursa
 </msg>
<status status="PASS" starttime="20220514 13:14:12.733" endtime="20220514 13:14:12.734"/>
</kw>
<kw name="Remove String" library="String">
<var>${SONG_SINGER}</var>
<arg>${SONG_SINGER}</arg>
<arg>${SPACE}</arg>
<doc>Removes all ``removables`` from the given ``string``.</doc>
<msg timestamp="20220514 13:14:12.734" level="INFO">${SONG_SINGER} = Hursa
</msg>
<status status="PASS" starttime="20220514 13:14:12.734" endtime="20220514 13:14:12.734"/>
</kw>
<kw name="Set Suite Variable" library="BuiltIn">
<arg>${SONG_SINGER}</arg>
<doc>Makes a variable available everywhere within the scope of the current suite.</doc>
<msg timestamp="20220514 13:14:12.735" level="INFO">${SONG_SINGER} = Hursa
</msg>
<status status="PASS" starttime="20220514 13:14:12.735" endtime="20220514 13:14:12.735"/>
</kw>
<status status="PASS" starttime="20220514 13:14:11.709" endtime="20220514 13:14:12.735"/>
</kw>
<status status="PASS" starttime="20220514 13:14:10.675" endtime="20220514 13:14:12.735"/>
</kw>
<kw name="Set Suite Variable" library="BuiltIn">
<arg>${CURRENT_SONG_SINGER}</arg>
<arg>${SONG_SINGER}</arg>
<doc>Makes a variable available everywhere within the scope of the current suite.</doc>
<msg timestamp="20220514 13:14:12.736" level="INFO">${CURRENT_SONG_SINGER} = Hursa
</msg>
<status status="PASS" starttime="20220514 13:14:12.735" endtime="20220514 13:14:12.736"/>
</kw>
<kw name="Set Suite Variable" library="BuiltIn">
<arg>${CURRENT_SONG_TITLE}</arg>
<arg>${SONG_TITLE}</arg>
<doc>Makes a variable available everywhere within the scope of the current suite.</doc>
<msg timestamp="20220514 13:14:12.737" level="INFO">${CURRENT_SONG_TITLE} = Rumangsa (feat. Sri Hanuraga)</msg>
<status status="PASS" starttime="20220514 13:14:12.736" endtime="20220514 13:14:12.737"/>
</kw>
<status status="PASS" starttime="20220514 13:14:10.674" endtime="20220514 13:14:12.737"/>
</kw>
<kw name="Verify Current Playing" library="player_logic">
<kw name="Run Keyword And Return Status" library="BuiltIn">
<var>${ArtistAreSame}</var>
<arg>Verify Different Artist</arg>
<doc>Runs the given keyword with given arguments and returns the status as a Boolean value.</doc>
<kw name="Verify Different Artist" library="player_logic">
<kw name="Should Not Be Equal" library="BuiltIn">
<arg>${OLD_SONG_SINGER}</arg>
<arg>${CURRENT_SONG_SINGER}</arg>
<doc>Fails if the given objects are equal.</doc>
<status status="PASS" starttime="20220514 13:14:12.738" endtime="20220514 13:14:12.738"/>
</kw>
<status status="PASS" starttime="20220514 13:14:12.738" endtime="20220514 13:14:12.739"/>
</kw>
<msg timestamp="20220514 13:14:12.739" level="INFO">${ArtistAreSame} = True</msg>
<status status="PASS" starttime="20220514 13:14:12.737" endtime="20220514 13:14:12.739"/>
</kw>
<kw name="Run Keyword If" library="BuiltIn">
<arg>${ArtistAreSame}</arg>
<arg>Verify Different Title</arg>
<doc>Runs the given keyword with the given arguments, if ``condition`` is true.</doc>
<kw name="Verify Different Title" library="player_logic">
<kw name="Should Not Be Equal" library="BuiltIn">
<arg>${OLD_SONG_TITLE}</arg>
<arg>${CURRENT_SONG_TITLE}</arg>
<doc>Fails if the given objects are equal.</doc>
<status status="PASS" starttime="20220514 13:14:12.740" endtime="20220514 13:14:12.740"/>
</kw>
<status status="PASS" starttime="20220514 13:14:12.739" endtime="20220514 13:14:12.740"/>
</kw>
<status status="PASS" starttime="20220514 13:14:12.739" endtime="20220514 13:14:12.740"/>
</kw>
<status status="PASS" starttime="20220514 13:14:12.737" endtime="20220514 13:14:12.740"/>
</kw>
<status status="PASS" starttime="20220514 13:14:06.094" endtime="20220514 13:14:12.741"/>
</kw>
<kw name="Close All Browsers" library="SeleniumLibrary" type="TEARDOWN">
<doc>Closes all open browsers and resets the browser cache.</doc>
<status status="PASS" starttime="20220514 13:14:12.741" endtime="20220514 13:14:13.376"/>
</kw>
<doc>Non logged and non subs user are able to play song and do previous song</doc>
<status status="PASS" starttime="20220514 13:13:35.558" endtime="20220514 13:14:13.377"/>
</test>
<kw name="Close All Browsers" library="SeleniumLibrary" type="TEARDOWN">
<doc>Closes all open browsers and resets the browser cache.</doc>
<status status="PASS" starttime="20220514 13:14:13.378" endtime="20220514 13:14:13.378"/>
</kw>
<status status="PASS" starttime="20220514 13:11:49.444" endtime="20220514 13:14:13.378"/>
</suite>
<suite id="s1-s3" name="SearchScenarioTest" source="/Users/rizkafebrila/Workspace/youtubemusic/Suites/SearchScenarioTest.robot">
<test id="s1-s3-t1" name="User able to search music" line="6">
<kw name="Open Browser With Specific URL" library="resource">
<arg>${YOUTUBEMUSICURL}</arg>
<kw name="Open Browser" library="SeleniumLibrary">
<arg>url=${URL}</arg>
<arg>browser=${CHROME}</arg>
<arg>alias=${BROWSERALIAS}</arg>
<doc>Opens a new browser instance to the optional ``url``.</doc>
<msg timestamp="20220514 13:14:13.395" level="INFO">Opening browser 'Chrome' to base url 'https://music.youtube.com/'.</msg>
<status status="PASS" starttime="20220514 13:14:13.394" endtime="20220514 13:14:20.202"/>
</kw>
<kw name="Set Selenium Speed" library="SeleniumLibrary">
<arg>0.5</arg>
<doc>Sets the delay that is waited after each Selenium command.</doc>
<status status="PASS" starttime="20220514 13:14:20.203" endtime="20220514 13:14:20.203"/>
</kw>
<status status="PASS" starttime="20220514 13:14:13.393" endtime="20220514 13:14:20.204"/>
</kw>
<kw name="Verify Searchbox" library="search_page">
<kw name="Wait Until Element Is Visible" library="SeleniumLibrary">
<arg>${searchbox_element}</arg>
<arg>timeout=${FAST_TIMEOUT}</arg>
<doc>Waits until the element ``locator`` is visible.</doc>
<status status="PASS" starttime="20220514 13:14:20.204" endtime="20220514 13:14:21.441"/>
</kw>
<status status="PASS" starttime="20220514 13:14:20.204" endtime="20220514 13:14:21.441"/>
</kw>
<kw name="Insert Keyword on Searchbox" library="search_logic">
<kw name="Activated Search" library="search_page">
<kw name="Wait Until Element Is Visible" library="SeleniumLibrary">
<arg>${searchbox_element}</arg>
<arg>timeout=${FAST_TIMEOUT}</arg>
<doc>Waits until the element ``locator`` is visible.</doc>
<status status="PASS" starttime="20220514 13:14:21.443" endtime="20220514 13:14:22.483"/>
</kw>
<kw name="Click Element" library="SeleniumLibrary">
<arg>${searchbox_element}</arg>
<doc>Click the element identified by ``locator``.</doc>
<msg timestamp="20220514 13:14:22.493" level="INFO">Clicking element 'xpath=//*[@class="search-icon style-scope ytmusic-search-box"]'.</msg>
<status status="PASS" starttime="20220514 13:14:22.483" endtime="20220514 13:14:23.574"/>
</kw>
<status status="PASS" starttime="20220514 13:14:21.442" endtime="20220514 13:14:23.575"/>
</kw>
<kw name="Wait Until Element Is Visible" library="SeleniumLibrary">
<arg>${searchbox_input]}</arg>
<arg>timeout=${MEDIUM_TIMEOUT}</arg>
<doc>Waits until the element ``locator`` is visible.</doc>
<status status="PASS" starttime="20220514 13:14:23.575" endtime="20220514 13:14:24.603"/>
</kw>
<kw name="Input Text" library="SeleniumLibrary">
<arg>${searchbox_input]}</arg>
<arg>${KEYWORD_SEARCH}</arg>
<doc>Types the given ``text`` into the text field identified by ``locator``.</doc>
<msg timestamp="20220514 13:14:24.604" level="INFO">Typing text 'Tame Impala' into text field 'xpath=//input[@id="input"]'.</msg>
<status status="PASS" starttime="20220514 13:14:24.603" endtime="20220514 13:14:26.318"/>
</kw>
<status status="PASS" starttime="20220514 13:14:21.442" endtime="20220514 13:14:26.318"/>
</kw>
<kw name="Hit Search" library="search_page">
<kw name="Press Keys" library="SeleniumLibrary">
<arg>${button_search}</arg>
<arg>RETURN</arg>
<doc>Simulates the user pressing key(s) to an element or on the active browser.</doc>
<msg timestamp="20220514 13:14:26.320" level="INFO">Sending key(s) ('RETURN',) to xpath=//input[@placeholder="Search"] element.</msg>
<msg timestamp="20220514 13:14:27.691" level="INFO">Pressing special key RETURN to element.</msg>
<msg timestamp="20220514 13:14:27.692" level="INFO">Releasing special key RETURN.</msg>
<status status="PASS" starttime="20220514 13:14:26.319" endtime="20220514 13:14:28.318"/>
</kw>
<status status="PASS" starttime="20220514 13:14:26.319" endtime="20220514 13:14:28.318"/>
</kw>
<kw name="Verify Search" library="search_logic">
<kw name="Wait Until Element Is Visible" library="SeleniumLibrary">
<arg>xpath=//a[contains(text(),"${KEYWORD_SEARCH}")]</arg>
<arg>timeout=${MEDIUM_TIMEOUT}</arg>
<doc>Waits until the element ``locator`` is visible.</doc>
<status status="PASS" starttime="20220514 13:14:28.319" endtime="20220514 13:14:30.261"/>
</kw>
<kw name="Sleep" library="BuiltIn">
<arg>${SLEEP_FOR_5_SECOND}</arg>
<doc>Pauses the test executed for the given time.</doc>
<msg timestamp="20220514 13:14:35.264" level="INFO">Slept 5 seconds</msg>
<status status="PASS" starttime="20220514 13:14:30.262" endtime="20220514 13:14:35.264"/>
</kw>
<status status="PASS" starttime="20220514 13:14:28.319" endtime="20220514 13:14:35.264"/>
</kw>
<doc>User able to search usng top search button, default search Tame Impala</doc>
<status status="PASS" starttime="20220514 13:14:13.392" endtime="20220514 13:14:35.264"/>
</test>
<kw name="Close All Browsers" library="SeleniumLibrary" type="TEARDOWN">
<doc>Closes all open browsers and resets the browser cache.</doc>
<status status="PASS" starttime="20220514 13:14:35.265" endtime="20220514 13:14:35.839"/>
</kw>
<status status="PASS" starttime="20220514 13:14:13.380" endtime="20220514 13:14:35.839"/>
</suite>
<status status="PASS" starttime="20220514 13:11:11.960" endtime="20220514 13:14:35.841"/>
</suite>
<statistics>
<total>
<stat pass="6" fail="0" skip="0">All Tests</stat>
</total>
<tag>
</tag>
<suite>
<stat pass="6" fail="0" skip="0" id="s1" name="Suites">Suites</stat>
<stat pass="1" fail="0" skip="0" id="s1-s1" name="LoginScenarioTest">Suites.LoginScenarioTest</stat>
<stat pass="4" fail="0" skip="0" id="s1-s2" name="PlayerScenarioTest">Suites.PlayerScenarioTest</stat>
<stat pass="1" fail="0" skip="0" id="s1-s3" name="SearchScenarioTest">Suites.SearchScenarioTest</stat>
</suite>
</statistics>
<errors>
</errors>
</robot>
